{"/home/travis/build/npmtest/node-npmtest-postcss-modules/test.js":{"path":"/home/travis/build/npmtest/node-npmtest-postcss-modules/test.js","s":{"1":2,"2":2,"3":2,"4":2,"5":2,"6":2,"7":2,"8":1,"9":2,"10":2,"11":1,"12":1,"13":1,"14":1,"15":2,"16":2,"17":2,"18":2,"19":1,"20":1,"21":2,"22":2,"23":2,"24":1,"25":1,"26":1,"27":1,"28":1,"29":1,"30":1,"31":1,"32":1,"33":1,"34":1,"35":1,"36":1,"37":1,"38":1,"39":2,"40":2,"41":1,"42":2,"43":2,"44":1,"45":2,"46":2,"47":1,"48":2,"49":2,"50":1,"51":1,"52":1,"53":1,"54":1},"b":{"1":[2,1,1,1],"2":[1,1,1,1],"3":[1,1],"4":[1,1],"5":[1,1],"6":[1,1],"7":[1,1],"8":[1,1],"9":[1,1],"10":[1,1,1],"11":[1,1],"12":[1,1],"13":[1,1],"14":[1,1],"15":[1,1],"16":[1,1],"17":[1,1]},"f":{"1":2,"2":2,"3":2,"4":2,"5":2,"6":1,"7":1,"8":1,"9":2,"10":2,"11":2,"12":2,"13":1},"fnMap":{"1":{"name":"(anonymous_1)","line":12,"loc":{"start":{"line":12,"column":1},"end":{"line":12,"column":13}}},"2":{"name":"(anonymous_2)","line":19,"loc":{"start":{"line":19,"column":5},"end":{"line":19,"column":17}}},"3":{"name":"(anonymous_3)","line":23,"loc":{"start":{"line":23,"column":24},"end":{"line":23,"column":36}}},"4":{"name":"(anonymous_4)","line":61,"loc":{"start":{"line":61,"column":5},"end":{"line":61,"column":17}}},"5":{"name":"(anonymous_5)","line":82,"loc":{"start":{"line":82,"column":5},"end":{"line":82,"column":17}}},"6":{"name":"(anonymous_6)","line":91,"loc":{"start":{"line":91,"column":77},"end":{"line":94,"column":10}}},"7":{"name":"(anonymous_7)","line":112,"loc":{"start":{"line":112,"column":83},"end":{"line":115,"column":10}},"skip":true},"8":{"name":"(anonymous_8)","line":123,"loc":{"start":{"line":123,"column":77},"end":{"line":126,"column":10}},"skip":true},"9":{"name":"(anonymous_9)","line":139,"loc":{"start":{"line":139,"column":12},"end":{"line":139,"column":40}},"skip":true},"10":{"name":"(anonymous_10)","line":147,"loc":{"start":{"line":147,"column":77},"end":{"line":150,"column":10}},"skip":true},"11":{"name":"(anonymous_11)","line":158,"loc":{"start":{"line":158,"column":83},"end":{"line":161,"column":10}},"skip":true},"12":{"name":"(anonymous_12)","line":169,"loc":{"start":{"line":169,"column":79},"end":{"line":172,"column":10}},"skip":true},"13":{"name":"(anonymous_13)","line":180,"loc":{"start":{"line":180,"column":75},"end":{"line":183,"column":10}},"skip":true}},"statementMap":{"1":{"start":{"line":12,"column":0},"end":{"line":195,"column":5}},"2":{"start":{"line":14,"column":4},"end":{"line":14,"column":14}},"3":{"start":{"line":19,"column":4},"end":{"line":56,"column":9}},"4":{"start":{"line":21,"column":8},"end":{"line":21,"column":19}},"5":{"start":{"line":23,"column":8},"end":{"line":35,"column":13}},"6":{"start":{"line":24,"column":12},"end":{"line":34,"column":13}},"7":{"start":{"line":25,"column":16},"end":{"line":28,"column":30}},"8":{"start":{"line":30,"column":16},"end":{"line":33,"column":27}},"9":{"start":{"line":37,"column":8},"end":{"line":39,"column":21}},"10":{"start":{"line":40,"column":8},"end":{"line":53,"column":9}},"11":{"start":{"line":43,"column":12},"end":{"line":46,"column":14}},"12":{"start":{"line":47,"column":12},"end":{"line":47,"column":18}},"13":{"start":{"line":50,"column":12},"end":{"line":51,"column":33}},"14":{"start":{"line":52,"column":12},"end":{"line":52,"column":18}},"15":{"start":{"line":55,"column":8},"end":{"line":55,"column":35}},"16":{"start":{"line":61,"column":4},"end":{"line":63,"column":9}},"17":{"start":{"line":62,"column":8},"end":{"line":62,"column":15}},"18":{"start":{"line":64,"column":4},"end":{"line":77,"column":5}},"19":{"start":{"line":70,"column":8},"end":{"line":70,"column":14}},"20":{"start":{"line":76,"column":8},"end":{"line":76,"column":14}},"21":{"start":{"line":82,"column":4},"end":{"line":84,"column":9}},"22":{"start":{"line":83,"column":8},"end":{"line":83,"column":15}},"23":{"start":{"line":85,"column":4},"end":{"line":194,"column":5}},"24":{"start":{"line":91,"column":8},"end":{"line":99,"column":10}},"25":{"start":{"line":98,"column":12},"end":{"line":98,"column":35}},"26":{"start":{"line":102,"column":8},"end":{"line":104,"column":63}},"27":{"start":{"line":105,"column":8},"end":{"line":105,"column":14}},"28":{"start":{"line":112,"column":8},"end":{"line":121,"column":10},"skip":true},"29":{"start":{"line":119,"column":12},"end":{"line":119,"column":55},"skip":true},"30":{"start":{"line":120,"column":12},"end":{"line":120,"column":48},"skip":true},"31":{"start":{"line":123,"column":8},"end":{"line":136,"column":10},"skip":true},"32":{"start":{"line":130,"column":12},"end":{"line":130,"column":76},"skip":true},"33":{"start":{"line":131,"column":12},"end":{"line":131,"column":73},"skip":true},"34":{"start":{"line":132,"column":12},"end":{"line":132,"column":74},"skip":true},"35":{"start":{"line":133,"column":12},"end":{"line":133,"column":79},"skip":true},"36":{"start":{"line":134,"column":12},"end":{"line":134,"column":25},"skip":true},"37":{"start":{"line":135,"column":12},"end":{"line":135,"column":45},"skip":true},"38":{"start":{"line":138,"column":8},"end":{"line":145,"column":14},"skip":true},"39":{"start":{"line":143,"column":16},"end":{"line":143,"column":29},"skip":true},"40":{"start":{"line":144,"column":16},"end":{"line":144,"column":55},"skip":true},"41":{"start":{"line":147,"column":8},"end":{"line":156,"column":10},"skip":true},"42":{"start":{"line":154,"column":12},"end":{"line":154,"column":25},"skip":true},"43":{"start":{"line":155,"column":12},"end":{"line":155,"column":45},"skip":true},"44":{"start":{"line":158,"column":8},"end":{"line":167,"column":10},"skip":true},"45":{"start":{"line":165,"column":12},"end":{"line":165,"column":25},"skip":true},"46":{"start":{"line":166,"column":12},"end":{"line":166,"column":48},"skip":true},"47":{"start":{"line":169,"column":8},"end":{"line":178,"column":10},"skip":true},"48":{"start":{"line":176,"column":12},"end":{"line":176,"column":25},"skip":true},"49":{"start":{"line":177,"column":12},"end":{"line":177,"column":46},"skip":true},"50":{"start":{"line":180,"column":8},"end":{"line":189,"column":10},"skip":true},"51":{"start":{"line":187,"column":12},"end":{"line":187,"column":94},"skip":true},"52":{"start":{"line":188,"column":12},"end":{"line":188,"column":48},"skip":true},"53":{"start":{"line":192,"column":8},"end":{"line":192,"column":35},"skip":true},"54":{"start":{"line":193,"column":8},"end":{"line":193,"column":14},"skip":true}},"branchMap":{"1":{"line":25,"type":"binary-expr","locations":[{"start":{"line":25,"column":23},"end":{"line":25,"column":62}},{"start":{"line":26,"column":20},"end":{"line":26,"column":70}},{"start":{"line":27,"column":20},"end":{"line":27,"column":71}},{"start":{"line":28,"column":20},"end":{"line":28,"column":29}}]},"2":{"line":30,"type":"binary-expr","locations":[{"start":{"line":30,"column":23},"end":{"line":30,"column":37}},{"start":{"line":31,"column":20},"end":{"line":31,"column":61}},{"start":{"line":32,"column":20},"end":{"line":32,"column":70}},{"start":{"line":33,"column":20},"end":{"line":33,"column":26}}]},"3":{"line":37,"type":"cond-expr","locations":[{"start":{"line":38,"column":14},"end":{"line":38,"column":20}},{"start":{"line":39,"column":14},"end":{"line":39,"column":20}}]},"4":{"line":40,"type":"switch","locations":[{"start":{"line":42,"column":8},"end":{"line":47,"column":18}},{"start":{"line":49,"column":8},"end":{"line":52,"column":18}}]},"5":{"line":44,"type":"binary-expr","locations":[{"start":{"line":44,"column":16},"end":{"line":44,"column":44}},{"start":{"line":44,"column":48},"end":{"line":44,"column":66}}]},"6":{"line":50,"type":"binary-expr","locations":[{"start":{"line":50,"column":21},"end":{"line":50,"column":49}},{"start":{"line":50,"column":53},"end":{"line":50,"column":72}}]},"7":{"line":64,"type":"switch","locations":[{"start":{"line":69,"column":4},"end":{"line":70,"column":14}},{"start":{"line":75,"column":4},"end":{"line":76,"column":14}}]},"8":{"line":85,"type":"switch","locations":[{"start":{"line":90,"column":4},"end":{"line":105,"column":14}},{"start":{"line":111,"column":4},"end":{"line":193,"column":14},"skip":true}]},"9":{"line":91,"type":"binary-expr","locations":[{"start":{"line":91,"column":42},"end":{"line":91,"column":73}},{"start":{"line":91,"column":77},"end":{"line":99,"column":9}}]},"10":{"line":102,"type":"binary-expr","locations":[{"start":{"line":102,"column":18},"end":{"line":102,"column":32}},{"start":{"line":103,"column":12},"end":{"line":103,"column":53}},{"start":{"line":104,"column":12},"end":{"line":104,"column":61}}]},"11":{"line":112,"type":"binary-expr","locations":[{"start":{"line":112,"column":45},"end":{"line":112,"column":79},"skip":true},{"start":{"line":112,"column":83},"end":{"line":121,"column":9},"skip":true}]},"12":{"line":123,"type":"binary-expr","locations":[{"start":{"line":123,"column":42},"end":{"line":123,"column":73},"skip":true},{"start":{"line":123,"column":77},"end":{"line":136,"column":9},"skip":true}]},"13":{"line":138,"type":"binary-expr","locations":[{"start":{"line":138,"column":48},"end":{"line":138,"column":85},"skip":true},{"start":{"line":139,"column":12},"end":{"line":145,"column":13},"skip":true}]},"14":{"line":147,"type":"binary-expr","locations":[{"start":{"line":147,"column":42},"end":{"line":147,"column":73},"skip":true},{"start":{"line":147,"column":77},"end":{"line":156,"column":9},"skip":true}]},"15":{"line":158,"type":"binary-expr","locations":[{"start":{"line":158,"column":45},"end":{"line":158,"column":79},"skip":true},{"start":{"line":158,"column":83},"end":{"line":167,"column":9},"skip":true}]},"16":{"line":169,"type":"binary-expr","locations":[{"start":{"line":169,"column":43},"end":{"line":169,"column":75},"skip":true},{"start":{"line":169,"column":79},"end":{"line":178,"column":9},"skip":true}]},"17":{"line":180,"type":"binary-expr","locations":[{"start":{"line":180,"column":41},"end":{"line":180,"column":71},"skip":true},{"start":{"line":180,"column":75},"end":{"line":189,"column":9},"skip":true}]}},"code":["/* istanbul instrument in package npmtest_postcss_modules */","/*jslint","    bitwise: true,","    browser: true,","    maxerr: 8,","    maxlen: 96,","    node: true,","    nomen: true,","    regexp: true,","    stupid: true","*/","(function () {","    'use strict';","    var local;","","","","    // run shared js-env code - pre-init","    (function () {","        // init local","        local = {};","        // init modeJs","        local.modeJs = (function () {","            try {","                return typeof navigator.userAgent === 'string' &&","                    typeof document.querySelector('body') === 'object' &&","                    typeof XMLHttpRequest.prototype.open === 'function' &&","                    'browser';","            } catch (errorCaughtBrowser) {","                return module.exports &&","                    typeof process.versions.node === 'string' &&","                    typeof require('http').createServer === 'function' &&","                    'node';","            }","        }());","        // init global","        local.global = local.modeJs === 'browser'","            ? window","            : global;","        switch (local.modeJs) {","        // re-init local from window.local","        case 'browser':","            local = local.global.utility2.objectSetDefault(","                local.global.utility2_rollup || local.global.local,","                local.global.utility2","            );","            break;","        // re-init local from example.js","        case 'node':","            local = (local.global.utility2_rollup || require('utility2'))","                .requireReadme();","            break;","        }","        // export local","        local.global.local = local;","    }());","","","","    // run shared js-env code - function","    (function () {","        return;","    }());","    switch (local.modeJs) {","","","","    // run browser js-env code - function","    case 'browser':","        break;","","","","    // run node js-env code - function","    case 'node':","        break;","    }","","","","    // run shared js-env code - post-init","    (function () {","        return;","    }());","    switch (local.modeJs) {","","","","    // run browser js-env code - post-init","    case 'browser':","        local.testCase_browser_nullCase = local.testCase_browser_nullCase || function (","            options,","            onError","        ) {","        /*","         * this function will test browsers's null-case handling-behavior-behavior","         */","            onError(null, options);","        };","","        // run tests","        local.nop(local.modeTest &&","            document.querySelector('#testRunButton1') &&","            document.querySelector('#testRunButton1').click());","        break;","","","","    // run node js-env code - post-init","    /* istanbul ignore next */","    case 'node':","        local.testCase_buildApidoc_default = local.testCase_buildApidoc_default || function (","            options,","            onError","        ) {","        /*","         * this function will test buildApidoc's default handling-behavior-behavior","         */","            options = { modulePathList: module.paths };","            local.buildApidoc(options, onError);","        };","","        local.testCase_buildApp_default = local.testCase_buildApp_default || function (","            options,","            onError","        ) {","        /*","         * this function will test buildApp's default handling-behavior-behavior","         */","            local.testCase_buildReadme_default(options, local.onErrorThrow);","            local.testCase_buildLib_default(options, local.onErrorThrow);","            local.testCase_buildTest_default(options, local.onErrorThrow);","            local.testCase_buildCustomOrg_default(options, local.onErrorThrow);","            options = [];","            local.buildApp(options, onError);","        };","","        local.testCase_buildCustomOrg_default = local.testCase_buildCustomOrg_default ||","            function (options, onError) {","            /*","             * this function will test buildCustomOrg's default handling-behavior","             */","                options = {};","                local.buildCustomOrg(options, onError);","            };","","        local.testCase_buildLib_default = local.testCase_buildLib_default || function (","            options,","            onError","        ) {","        /*","         * this function will test buildLib's default handling-behavior","         */","            options = {};","            local.buildLib(options, onError);","        };","","        local.testCase_buildReadme_default = local.testCase_buildReadme_default || function (","            options,","            onError","        ) {","        /*","         * this function will test buildReadme's default handling-behavior-behavior","         */","            options = {};","            local.buildReadme(options, onError);","        };","","        local.testCase_buildTest_default = local.testCase_buildTest_default || function (","            options,","            onError","        ) {","        /*","         * this function will test buildTest's default handling-behavior","         */","            options = {};","            local.buildTest(options, onError);","        };","","        local.testCase_webpage_default = local.testCase_webpage_default || function (","            options,","            onError","        ) {","        /*","         * this function will test webpage's default handling-behavior","         */","            options = { modeCoverageMerge: true, url: local.serverLocalHost + '?modeTest=1' };","            local.browserTest(options, onError);","        };","","        // run test-server","        local.testRunServer(local);","        break;","    }","}());",""],"l":{"12":2,"14":2,"19":2,"21":2,"23":2,"24":2,"25":2,"30":1,"37":2,"40":2,"43":1,"47":1,"50":1,"52":1,"55":2,"61":2,"62":2,"64":2,"70":1,"76":1,"82":2,"83":2,"85":2,"91":1,"98":1,"102":1,"105":1,"112":1,"119":1,"120":1,"123":1,"130":1,"131":1,"132":1,"133":1,"134":1,"135":1,"138":1,"143":2,"144":2,"147":1,"154":2,"155":2,"158":1,"165":2,"166":2,"169":1,"176":2,"177":2,"180":1,"187":1,"188":1,"192":1,"193":1}},"/home/travis/build/npmtest/node-npmtest-postcss-modules/lib.npmtest_postcss_modules.js":{"path":"/home/travis/build/npmtest/node-npmtest-postcss-modules/lib.npmtest_postcss_modules.js","s":{"1":2,"2":2,"3":2,"4":2,"5":2,"6":2,"7":2,"8":1,"9":2,"10":2,"11":2,"12":2,"13":1,"14":1,"15":1,"16":1},"b":{"1":[2,1,1,1],"2":[1,1,1,1],"3":[1,1],"4":[2,2],"5":[1,1]},"f":{"1":2,"2":2,"3":2},"fnMap":{"1":{"name":"(anonymous_1)","line":12,"loc":{"start":{"line":12,"column":1},"end":{"line":12,"column":13}}},"2":{"name":"(anonymous_2)","line":19,"loc":{"start":{"line":19,"column":5},"end":{"line":19,"column":17}}},"3":{"name":"(anonymous_3)","line":23,"loc":{"start":{"line":23,"column":24},"end":{"line":23,"column":36}}}},"statementMap":{"1":{"start":{"line":12,"column":0},"end":{"line":53,"column":5}},"2":{"start":{"line":14,"column":4},"end":{"line":14,"column":14}},"3":{"start":{"line":19,"column":4},"end":{"line":52,"column":9}},"4":{"start":{"line":21,"column":8},"end":{"line":21,"column":19}},"5":{"start":{"line":23,"column":8},"end":{"line":35,"column":13}},"6":{"start":{"line":24,"column":12},"end":{"line":34,"column":13}},"7":{"start":{"line":25,"column":16},"end":{"line":28,"column":30}},"8":{"start":{"line":30,"column":16},"end":{"line":33,"column":27}},"9":{"start":{"line":37,"column":8},"end":{"line":39,"column":21}},"10":{"start":{"line":41,"column":8},"end":{"line":41,"column":54}},"11":{"start":{"line":43,"column":8},"end":{"line":43,"column":60}},"12":{"start":{"line":45,"column":8},"end":{"line":51,"column":9}},"13":{"start":{"line":46,"column":12},"end":{"line":46,"column":66}},"14":{"start":{"line":48,"column":12},"end":{"line":48,"column":35}},"15":{"start":{"line":49,"column":12},"end":{"line":49,"column":49}},"16":{"start":{"line":50,"column":12},"end":{"line":50,"column":43}}},"branchMap":{"1":{"line":25,"type":"binary-expr","locations":[{"start":{"line":25,"column":23},"end":{"line":25,"column":62}},{"start":{"line":26,"column":20},"end":{"line":26,"column":70}},{"start":{"line":27,"column":20},"end":{"line":27,"column":71}},{"start":{"line":28,"column":20},"end":{"line":28,"column":29}}]},"2":{"line":30,"type":"binary-expr","locations":[{"start":{"line":30,"column":23},"end":{"line":30,"column":37}},{"start":{"line":31,"column":20},"end":{"line":31,"column":61}},{"start":{"line":32,"column":20},"end":{"line":32,"column":70}},{"start":{"line":33,"column":20},"end":{"line":33,"column":26}}]},"3":{"line":37,"type":"cond-expr","locations":[{"start":{"line":38,"column":14},"end":{"line":38,"column":20}},{"start":{"line":39,"column":14},"end":{"line":39,"column":20}}]},"4":{"line":41,"type":"binary-expr","locations":[{"start":{"line":41,"column":16},"end":{"line":41,"column":44}},{"start":{"line":41,"column":48},"end":{"line":41,"column":53}}]},"5":{"line":45,"type":"if","locations":[{"start":{"line":45,"column":8},"end":{"line":45,"column":8}},{"start":{"line":45,"column":8},"end":{"line":45,"column":8}}]}},"code":["/* istanbul instrument in package npmtest_postcss_modules */","/*jslint","    bitwise: true,","    browser: true,","    maxerr: 8,","    maxlen: 96,","    node: true,","    nomen: true,","    regexp: true,","    stupid: true","*/","(function () {","    'use strict';","    var local;","","","","    // run shared js-env code - pre-init","    (function () {","        // init local","        local = {};","        // init modeJs","        local.modeJs = (function () {","            try {","                return typeof navigator.userAgent === 'string' &&","                    typeof document.querySelector('body') === 'object' &&","                    typeof XMLHttpRequest.prototype.open === 'function' &&","                    'browser';","            } catch (errorCaughtBrowser) {","                return module.exports &&","                    typeof process.versions.node === 'string' &&","                    typeof require('http').createServer === 'function' &&","                    'node';","            }","        }());","        // init global","        local.global = local.modeJs === 'browser'","            ? window","            : global;","        // init utility2_rollup","        local = local.global.utility2_rollup || local;","        // init lib","        local.local = local.npmtest_postcss_modules = local;","        // init exports","        if (local.modeJs === 'browser') {","            local.global.utility2_npmtest_postcss_modules = local;","        } else {","            module.exports = local;","            module.exports.__dirname = __dirname;","            module.exports.module = module;","        }","    }());","}());",""],"l":{"12":2,"14":2,"19":2,"21":2,"23":2,"24":2,"25":2,"30":1,"37":2,"41":2,"43":2,"45":2,"46":1,"48":1,"49":1,"50":1}},"/home/travis/build/npmtest/node-npmtest-postcss-modules/example.js":{"path":"/home/travis/build/npmtest/node-npmtest-postcss-modules/example.js","s":{"1":2,"2":2,"3":2,"4":2,"5":2,"6":2,"7":2,"8":1,"9":2,"10":2,"11":2,"12":2,"13":1,"14":2,"15":2,"16":2,"17":2,"18":2,"19":0,"20":2,"21":1,"22":1,"23":1,"24":1,"25":1,"26":0,"27":0,"28":1,"29":1,"30":2,"31":0,"32":0,"33":0,"34":1,"35":2,"36":2,"37":3,"38":3,"39":3,"40":3,"41":0,"42":3,"43":3,"44":3,"45":1,"46":3,"47":1,"48":1,"49":1,"50":1,"51":1,"52":1,"53":1,"54":1,"55":1,"56":1,"57":0,"58":1,"59":6,"60":6,"61":1,"62":2,"63":0,"64":2,"65":1,"66":1,"67":0,"68":0,"69":0,"70":0,"71":0,"72":0,"73":0,"74":0,"75":0,"76":0,"77":0,"78":0,"79":0,"80":0,"81":0,"82":0,"83":0},"b":{"1":[2,1,1,1],"2":[1,1,1,1],"3":[1,1],"4":[2,2],"5":[1,1],"6":[1,1],"7":[2,0],"8":[2,1,1,1,1,1],"9":[0,2,0],"10":[1,1],"11":[2,1,1],"12":[1,0],"13":[0,2],"14":[2,0,0,0,0,0,0],"15":[0,3],"16":[3,0],"17":[1,1],"18":[0,1],"19":[1,2,0,2],"20":[1,0],"21":[1,1],"22":[0,0],"23":[0,0],"24":[0,0],"25":[0,0],"26":[0,0],"27":[0,0],"28":[0,0]},"f":{"1":2,"2":2,"3":2,"4":2,"5":2,"6":2,"7":3,"8":3,"9":3,"10":1,"11":6,"12":0},"fnMap":{"1":{"name":"(anonymous_1)","line":26,"loc":{"start":{"line":26,"column":1},"end":{"line":26,"column":13}}},"2":{"name":"(anonymous_2)","line":33,"loc":{"start":{"line":33,"column":5},"end":{"line":33,"column":17}}},"3":{"name":"(anonymous_3)","line":37,"loc":{"start":{"line":37,"column":24},"end":{"line":37,"column":36}}},"4":{"name":"(anonymous_4)","line":69,"loc":{"start":{"line":69,"column":31},"end":{"line":69,"column":48}},"skip":true},"5":{"name":"(anonymous_5)","line":78,"loc":{"start":{"line":78,"column":26},"end":{"line":78,"column":45}},"skip":true},"6":{"name":"(anonymous_6)","line":123,"loc":{"start":{"line":123,"column":33},"end":{"line":123,"column":48}},"skip":true},"7":{"name":"(anonymous_7)","line":125,"loc":{"start":{"line":125,"column":27},"end":{"line":125,"column":39}},"skip":true},"8":{"name":"(anonymous_8)","line":133,"loc":{"start":{"line":133,"column":59},"end":{"line":133,"column":74}},"skip":true},"9":{"name":"(anonymous_9)","line":143,"loc":{"start":{"line":143,"column":45},"end":{"line":143,"column":62}},"skip":true},"10":{"name":"(anonymous_10)","line":144,"loc":{"start":{"line":144,"column":73},"end":{"line":144,"column":92}},"skip":true},"11":{"name":"(anonymous_11)","line":272,"loc":{"start":{"line":272,"column":51},"end":{"line":272,"column":77}},"skip":true},"12":{"name":"(anonymous_12)","line":315,"loc":{"start":{"line":315,"column":32},"end":{"line":315,"column":61}},"skip":true}},"statementMap":{"1":{"start":{"line":26,"column":0},"end":{"line":326,"column":5}},"2":{"start":{"line":28,"column":4},"end":{"line":28,"column":14}},"3":{"start":{"line":33,"column":4},"end":{"line":60,"column":9}},"4":{"start":{"line":35,"column":8},"end":{"line":35,"column":19}},"5":{"start":{"line":37,"column":8},"end":{"line":49,"column":13}},"6":{"start":{"line":38,"column":12},"end":{"line":48,"column":13}},"7":{"start":{"line":39,"column":16},"end":{"line":42,"column":30}},"8":{"start":{"line":44,"column":16},"end":{"line":47,"column":27}},"9":{"start":{"line":51,"column":8},"end":{"line":53,"column":21}},"10":{"start":{"line":55,"column":8},"end":{"line":57,"column":45}},"11":{"start":{"line":59,"column":8},"end":{"line":59,"column":35}},"12":{"start":{"line":61,"column":4},"end":{"line":325,"column":5}},"13":{"start":{"line":69,"column":8},"end":{"line":121,"column":10},"skip":true},"14":{"start":{"line":70,"column":12},"end":{"line":88,"column":13},"skip":true},"15":{"start":{"line":76,"column":16},"end":{"line":87,"column":19},"skip":true},"16":{"start":{"line":79,"column":20},"end":{"line":86,"column":21},"skip":true},"17":{"start":{"line":82,"column":24},"end":{"line":82,"column":43},"skip":true},"18":{"start":{"line":83,"column":24},"end":{"line":83,"column":30},"skip":true},"19":{"start":{"line":85,"column":24},"end":{"line":85,"column":49},"skip":true},"20":{"start":{"line":89,"column":12},"end":{"line":107,"column":13},"skip":true},"21":{"start":{"line":92,"column":16},"end":{"line":102,"column":17},"skip":true},"22":{"start":{"line":93,"column":20},"end":{"line":93,"column":86},"skip":true},"23":{"start":{"line":94,"column":20},"end":{"line":95,"column":45},"skip":true},"24":{"start":{"line":96,"column":20},"end":{"line":96,"column":42},"skip":true},"25":{"start":{"line":97,"column":20},"end":{"line":97,"column":48},"skip":true},"26":{"start":{"line":100,"column":20},"end":{"line":100,"column":85},"skip":true},"27":{"start":{"line":101,"column":20},"end":{"line":101,"column":96},"skip":true},"28":{"start":{"line":103,"column":16},"end":{"line":103,"column":22},"skip":true},"29":{"start":{"line":106,"column":16},"end":{"line":106,"column":22},"skip":true},"30":{"start":{"line":108,"column":12},"end":{"line":120,"column":13},"skip":true},"31":{"start":{"line":114,"column":16},"end":{"line":119,"column":17},"skip":true},"32":{"start":{"line":116,"column":20},"end":{"line":116,"column":78},"skip":true},"33":{"start":{"line":118,"column":20},"end":{"line":118,"column":47},"skip":true},"34":{"start":{"line":123,"column":8},"end":{"line":141,"column":11},"skip":true},"35":{"start":{"line":124,"column":12},"end":{"line":124,"column":54},"skip":true},"36":{"start":{"line":125,"column":12},"end":{"line":140,"column":14},"skip":true},"37":{"start":{"line":126,"column":16},"end":{"line":126,"column":28},"skip":true},"38":{"start":{"line":127,"column":16},"end":{"line":127,"column":69},"skip":true},"39":{"start":{"line":128,"column":16},"end":{"line":128,"column":75},"skip":true},"40":{"start":{"line":129,"column":16},"end":{"line":131,"column":17},"skip":true},"41":{"start":{"line":130,"column":20},"end":{"line":130,"column":27},"skip":true},"42":{"start":{"line":133,"column":16},"end":{"line":137,"column":36},"skip":true},"43":{"start":{"line":134,"column":20},"end":{"line":136,"column":55},"skip":true},"44":{"start":{"line":139,"column":16},"end":{"line":139,"column":57},"skip":true},"45":{"start":{"line":143,"column":8},"end":{"line":147,"column":11},"skip":true},"46":{"start":{"line":144,"column":12},"end":{"line":146,"column":15},"skip":true},"47":{"start":{"line":145,"column":16},"end":{"line":145,"column":70},"skip":true},"48":{"start":{"line":149,"column":8},"end":{"line":149,"column":31},"skip":true},"49":{"start":{"line":150,"column":8},"end":{"line":150,"column":14},"skip":true},"50":{"start":{"line":158,"column":8},"end":{"line":158,"column":31},"skip":true},"51":{"start":{"line":160,"column":8},"end":{"line":160,"column":33},"skip":true},"52":{"start":{"line":161,"column":8},"end":{"line":161,"column":37},"skip":true},"53":{"start":{"line":162,"column":8},"end":{"line":162,"column":35},"skip":true},"54":{"start":{"line":164,"column":8},"end":{"line":164,"column":50},"skip":true},"55":{"start":{"line":166,"column":8},"end":{"line":256,"column":2},"skip":true},"56":{"start":{"line":258,"column":8},"end":{"line":286,"column":9},"skip":true},"57":{"start":{"line":259,"column":12},"end":{"line":269,"column":14},"skip":true},"58":{"start":{"line":271,"column":12},"end":{"line":285,"column":19},"skip":true},"59":{"start":{"line":274,"column":20},"end":{"line":274,"column":35},"skip":true},"60":{"start":{"line":275,"column":20},"end":{"line":284,"column":21},"skip":true},"61":{"start":{"line":277,"column":24},"end":{"line":277,"column":64},"skip":true},"62":{"start":{"line":279,"column":24},"end":{"line":279,"column":40},"skip":true},"63":{"start":{"line":281,"column":24},"end":{"line":281,"column":40},"skip":true},"64":{"start":{"line":283,"column":24},"end":{"line":283,"column":39},"skip":true},"65":{"start":{"line":288,"column":8},"end":{"line":290,"column":9},"skip":true},"66":{"start":{"line":289,"column":12},"end":{"line":289,"column":18},"skip":true},"67":{"start":{"line":291,"column":8},"end":{"line":293,"column":54},"skip":true},"68":{"start":{"line":296,"column":8},"end":{"line":301,"column":37},"skip":true},"69":{"start":{"line":303,"column":8},"end":{"line":303,"column":82},"skip":true},"70":{"start":{"line":306,"column":8},"end":{"line":308,"column":9},"skip":true},"71":{"start":{"line":307,"column":12},"end":{"line":307,"column":82},"skip":true},"72":{"start":{"line":310,"column":8},"end":{"line":312,"column":9},"skip":true},"73":{"start":{"line":311,"column":12},"end":{"line":311,"column":18},"skip":true},"74":{"start":{"line":313,"column":8},"end":{"line":313,"column":54},"skip":true},"75":{"start":{"line":314,"column":8},"end":{"line":314,"column":69},"skip":true},"76":{"start":{"line":315,"column":8},"end":{"line":323,"column":36},"skip":true},"77":{"start":{"line":316,"column":12},"end":{"line":316,"column":61},"skip":true},"78":{"start":{"line":317,"column":12},"end":{"line":320,"column":13},"skip":true},"79":{"start":{"line":318,"column":16},"end":{"line":318,"column":75},"skip":true},"80":{"start":{"line":319,"column":16},"end":{"line":319,"column":23},"skip":true},"81":{"start":{"line":321,"column":12},"end":{"line":321,"column":38},"skip":true},"82":{"start":{"line":322,"column":12},"end":{"line":322,"column":27},"skip":true},"83":{"start":{"line":324,"column":8},"end":{"line":324,"column":14},"skip":true}},"branchMap":{"1":{"line":39,"type":"binary-expr","locations":[{"start":{"line":39,"column":23},"end":{"line":39,"column":62}},{"start":{"line":40,"column":20},"end":{"line":40,"column":70}},{"start":{"line":41,"column":20},"end":{"line":41,"column":71}},{"start":{"line":42,"column":20},"end":{"line":42,"column":29}}]},"2":{"line":44,"type":"binary-expr","locations":[{"start":{"line":44,"column":23},"end":{"line":44,"column":37}},{"start":{"line":45,"column":20},"end":{"line":45,"column":61}},{"start":{"line":46,"column":20},"end":{"line":46,"column":70}},{"start":{"line":47,"column":20},"end":{"line":47,"column":26}}]},"3":{"line":51,"type":"cond-expr","locations":[{"start":{"line":52,"column":14},"end":{"line":52,"column":20}},{"start":{"line":53,"column":14},"end":{"line":53,"column":20}}]},"4":{"line":55,"type":"binary-expr","locations":[{"start":{"line":55,"column":16},"end":{"line":55,"column":44}},{"start":{"line":55,"column":49},"end":{"line":57,"column":43}}]},"5":{"line":55,"type":"cond-expr","locations":[{"start":{"line":56,"column":14},"end":{"line":56,"column":59}},{"start":{"line":57,"column":14},"end":{"line":57,"column":43}}]},"6":{"line":61,"type":"switch","locations":[{"start":{"line":68,"column":4},"end":{"line":150,"column":14},"skip":true},{"start":{"line":156,"column":4},"end":{"line":324,"column":14},"skip":true}]},"7":{"line":70,"type":"if","locations":[{"start":{"line":70,"column":12},"end":{"line":70,"column":12},"skip":true},{"start":{"line":70,"column":12},"end":{"line":70,"column":12},"skip":true}]},"8":{"line":70,"type":"binary-expr","locations":[{"start":{"line":70,"column":16},"end":{"line":70,"column":22},"skip":true},{"start":{"line":70,"column":27},"end":{"line":70,"column":32},"skip":true},{"start":{"line":71,"column":20},"end":{"line":71,"column":39},"skip":true},{"start":{"line":72,"column":20},"end":{"line":72,"column":49},"skip":true},{"start":{"line":73,"column":20},"end":{"line":73,"column":58},"skip":true},{"start":{"line":74,"column":20},"end":{"line":74,"column":69},"skip":true}]},"9":{"line":79,"type":"switch","locations":[{"start":{"line":80,"column":20},"end":{"line":80,"column":33},"skip":true},{"start":{"line":81,"column":20},"end":{"line":83,"column":30},"skip":true},{"start":{"line":84,"column":20},"end":{"line":85,"column":49},"skip":true}]},"10":{"line":89,"type":"switch","locations":[{"start":{"line":90,"column":12},"end":{"line":103,"column":22},"skip":true},{"start":{"line":105,"column":12},"end":{"line":106,"column":22},"skip":true}]},"11":{"line":89,"type":"binary-expr","locations":[{"start":{"line":89,"column":20},"end":{"line":89,"column":25},"skip":true},{"start":{"line":89,"column":29},"end":{"line":89,"column":48},"skip":true},{"start":{"line":89,"column":52},"end":{"line":89,"column":74},"skip":true}]},"12":{"line":92,"type":"if","locations":[{"start":{"line":92,"column":16},"end":{"line":92,"column":16},"skip":true},{"start":{"line":92,"column":16},"end":{"line":92,"column":16},"skip":true}]},"13":{"line":108,"type":"if","locations":[{"start":{"line":108,"column":12},"end":{"line":108,"column":12},"skip":true},{"start":{"line":108,"column":12},"end":{"line":108,"column":12},"skip":true}]},"14":{"line":108,"type":"binary-expr","locations":[{"start":{"line":108,"column":16},"end":{"line":108,"column":61},"skip":true},{"start":{"line":108,"column":66},"end":{"line":108,"column":72},"skip":true},{"start":{"line":108,"column":77},"end":{"line":108,"column":82},"skip":true},{"start":{"line":109,"column":20},"end":{"line":109,"column":39},"skip":true},{"start":{"line":110,"column":20},"end":{"line":110,"column":49},"skip":true},{"start":{"line":111,"column":20},"end":{"line":111,"column":58},"skip":true},{"start":{"line":112,"column":20},"end":{"line":112,"column":68},"skip":true}]},"15":{"line":129,"type":"if","locations":[{"start":{"line":129,"column":16},"end":{"line":129,"column":16},"skip":true},{"start":{"line":129,"column":16},"end":{"line":129,"column":16},"skip":true}]},"16":{"line":134,"type":"cond-expr","locations":[{"start":{"line":135,"column":26},"end":{"line":135,"column":29},"skip":true},{"start":{"line":136,"column":26},"end":{"line":136,"column":54},"skip":true}]},"17":{"line":164,"type":"binary-expr","locations":[{"start":{"line":164,"column":27},"end":{"line":164,"column":43},"skip":true},{"start":{"line":164,"column":47},"end":{"line":164,"column":49},"skip":true}]},"18":{"line":258,"type":"if","locations":[{"start":{"line":258,"column":8},"end":{"line":258,"column":8},"skip":true},{"start":{"line":258,"column":8},"end":{"line":258,"column":8},"skip":true}]},"19":{"line":275,"type":"switch","locations":[{"start":{"line":276,"column":20},"end":{"line":277,"column":64},"skip":true},{"start":{"line":278,"column":20},"end":{"line":279,"column":40},"skip":true},{"start":{"line":280,"column":20},"end":{"line":281,"column":40},"skip":true},{"start":{"line":282,"column":20},"end":{"line":283,"column":39},"skip":true}]},"20":{"line":288,"type":"if","locations":[{"start":{"line":288,"column":8},"end":{"line":288,"column":8},"skip":true},{"start":{"line":288,"column":8},"end":{"line":288,"column":8},"skip":true}]},"21":{"line":288,"type":"binary-expr","locations":[{"start":{"line":288,"column":12},"end":{"line":288,"column":40},"skip":true},{"start":{"line":288,"column":44},"end":{"line":288,"column":67},"skip":true}]},"22":{"line":292,"type":"binary-expr","locations":[{"start":{"line":292,"column":12},"end":{"line":292,"column":50},"skip":true},{"start":{"line":293,"column":12},"end":{"line":293,"column":53},"skip":true}]},"23":{"line":297,"type":"binary-expr","locations":[{"start":{"line":297,"column":12},"end":{"line":297,"column":73},"skip":true},{"start":{"line":298,"column":12},"end":{"line":301,"column":36},"skip":true}]},"24":{"line":303,"type":"binary-expr","locations":[{"start":{"line":303,"column":43},"end":{"line":303,"column":75},"skip":true},{"start":{"line":303,"column":79},"end":{"line":303,"column":81},"skip":true}]},"25":{"line":306,"type":"if","locations":[{"start":{"line":306,"column":8},"end":{"line":306,"column":8},"skip":true},{"start":{"line":306,"column":8},"end":{"line":306,"column":8},"skip":true}]},"26":{"line":310,"type":"if","locations":[{"start":{"line":310,"column":8},"end":{"line":310,"column":8},"skip":true},{"start":{"line":310,"column":8},"end":{"line":310,"column":8},"skip":true}]},"27":{"line":313,"type":"binary-expr","locations":[{"start":{"line":313,"column":27},"end":{"line":313,"column":43},"skip":true},{"start":{"line":313,"column":47},"end":{"line":313,"column":53},"skip":true}]},"28":{"line":317,"type":"if","locations":[{"start":{"line":317,"column":12},"end":{"line":317,"column":12},"skip":true},{"start":{"line":317,"column":12},"end":{"line":317,"column":12},"skip":true}]}},"code":["/*","example.js","","quickstart example","","instruction","    1. save this script as example.js","    2. run the shell command:","        $ npm install npmtest-postcss-modules && PORT=8081 node example.js","    3. play with the browser-demo on http://127.0.0.1:8081","*/","","","","/* istanbul instrument in package npmtest_postcss_modules */","/*jslint","    bitwise: true,","    browser: true,","    maxerr: 8,","    maxlen: 96,","    node: true,","    nomen: true,","    regexp: true,","    stupid: true","*/","(function () {","    'use strict';","    var local;","","","","    // run shared js-env code - pre-init","    (function () {","        // init local","        local = {};","        // init modeJs","        local.modeJs = (function () {","            try {","                return typeof navigator.userAgent === 'string' &&","                    typeof document.querySelector('body') === 'object' &&","                    typeof XMLHttpRequest.prototype.open === 'function' &&","                    'browser';","            } catch (errorCaughtBrowser) {","                return module.exports &&","                    typeof process.versions.node === 'string' &&","                    typeof require('http').createServer === 'function' &&","                    'node';","            }","        }());","        // init global","        local.global = local.modeJs === 'browser'","            ? window","            : global;","        // init utility2_rollup","        local = local.global.utility2_rollup || (local.modeJs === 'browser'","            ? local.global.utility2_npmtest_postcss_modules","            : global.utility2_moduleExports);","        // export local","        local.global.local = local;","    }());","    switch (local.modeJs) {","","","","    // post-init","    // run browser js-env code - post-init","    /* istanbul ignore next */","    case 'browser':","        local.testRunBrowser = function (event) {","            if (!event || (event &&","                    event.currentTarget &&","                    event.currentTarget.className &&","                    event.currentTarget.className.includes &&","                    event.currentTarget.className.includes('onreset'))) {","                // reset output","                Array.from(","                    document.querySelectorAll('body > .resettable')","                ).forEach(function (element) {","                    switch (element.tagName) {","                    case 'INPUT':","                    case 'TEXTAREA':","                        element.value = '';","                        break;","                    default:","                        element.textContent = '';","                    }","                });","            }","            switch (event && event.currentTarget && event.currentTarget.id) {","            case 'testRunButton1':","                // show tests","                if (document.querySelector('#testReportDiv1').style.display === 'none') {","                    document.querySelector('#testReportDiv1').style.display = 'block';","                    document.querySelector('#testRunButton1').textContent =","                        'hide internal test';","                    local.modeTest = true;","                    local.testRunDefault(local);","                // hide tests","                } else {","                    document.querySelector('#testReportDiv1').style.display = 'none';","                    document.querySelector('#testRunButton1').textContent = 'run internal test';","                }","                break;","            // custom-case","            default:","                break;","            }","            if (document.querySelector('#inputTextareaEval1') && (!event || (event &&","                    event.currentTarget &&","                    event.currentTarget.className &&","                    event.currentTarget.className.includes &&","                    event.currentTarget.className.includes('oneval')))) {","                // try to eval input-code","                try {","                    /*jslint evil: true*/","                    eval(document.querySelector('#inputTextareaEval1').value);","                } catch (errorCaught) {","                    console.error(errorCaught);","                }","            }","        };","        // log stderr and stdout to #outputTextareaStdout1","        ['error', 'log'].forEach(function (key) {","            console[key + '_original'] = console[key];","            console[key] = function () {","                var element;","                console[key + '_original'].apply(console, arguments);","                element = document.querySelector('#outputTextareaStdout1');","                if (!element) {","                    return;","                }","                // append text to #outputTextareaStdout1","                element.value += Array.from(arguments).map(function (arg) {","                    return typeof arg === 'string'","                        ? arg","                        : JSON.stringify(arg, null, 4);","                }).join(' ') + '\\n';","                // scroll textarea to bottom","                element.scrollTop = element.scrollHeight;","            };","        });","        // init event-handling","        ['change', 'click', 'keyup'].forEach(function (event) {","            Array.from(document.querySelectorAll('.on' + event)).forEach(function (element) {","                element.addEventListener(event, local.testRunBrowser);","            });","        });","        // run tests","        local.testRunBrowser();","        break;","","","","    // run node js-env code - post-init","    /* istanbul ignore next */","    case 'node':","        // export local","        module.exports = local;","        // require modules","        local.fs = require('fs');","        local.http = require('http');","        local.url = require('url');","        // init assets","        local.assetsDict = local.assetsDict || {};","        /* jslint-ignore-begin */","        local.assetsDict['/assets.index.template.html'] = '\\","<!doctype html>\\n\\","<html lang=\"en\">\\n\\","<head>\\n\\","<meta charset=\"UTF-8\">\\n\\","<meta name=\"viewport\" content=\"width=device-width, initial-scale=1\">\\n\\","<title>{{env.npm_package_name}} (v{{env.npm_package_version}})</title>\\n\\","<style>\\n\\","/*csslint\\n\\","    box-sizing: false,\\n\\","    universal-selector: false\\n\\","*/\\n\\","* {\\n\\","    box-sizing: border-box;\\n\\","}\\n\\","body {\\n\\","    background: #dde;\\n\\","    font-family: Arial, Helvetica, sans-serif;\\n\\","    margin: 2rem;\\n\\","}\\n\\","body > * {\\n\\","    margin-bottom: 1rem;\\n\\","}\\n\\",".utility2FooterDiv {\\n\\","    margin-top: 20px;\\n\\","    text-align: center;\\n\\","}\\n\\","</style>\\n\\","<style>\\n\\","/*csslint\\n\\","*/\\n\\","textarea {\\n\\","    font-family: monospace;\\n\\","    height: 10rem;\\n\\","    width: 100%;\\n\\","}\\n\\","textarea[readonly] {\\n\\","    background: #ddd;\\n\\","}\\n\\","</style>\\n\\","</head>\\n\\","<body>\\n\\","<!-- utility2-comment\\n\\","<div id=\"ajaxProgressDiv1\" style=\"background: #d00; height: 2px; left: 0; margin: 0; padding: 0; position: fixed; top: 0; transition: background 0.5s, width 1.5s; width: 25%;\"></div>\\n\\","utility2-comment -->\\n\\","<h1>\\n\\","<!-- utility2-comment\\n\\","    <a\\n\\","        {{#if env.npm_package_homepage}}\\n\\","        href=\"{{env.npm_package_homepage}}\"\\n\\","        {{/if env.npm_package_homepage}}\\n\\","        target=\"_blank\"\\n\\","    >\\n\\","utility2-comment -->\\n\\","        {{env.npm_package_name}} (v{{env.npm_package_version}})\\n\\","<!-- utility2-comment\\n\\","    </a>\\n\\","utility2-comment -->\\n\\","</h1>\\n\\","<h3>{{env.npm_package_description}}</h3>\\n\\","<!-- utility2-comment\\n\\","<h4><a download href=\"assets.app.js\">download standalone app</a></h4>\\n\\","<button class=\"onclick onreset\" id=\"testRunButton1\">run internal test</button><br>\\n\\","<div id=\"testReportDiv1\" style=\"display: none;\"></div>\\n\\","utility2-comment -->\\n\\","\\n\\","\\n\\","\\n\\","<label>stderr and stdout</label>\\n\\","<textarea class=\"resettable\" id=\"outputTextareaStdout1\" readonly></textarea>\\n\\","<!-- utility2-comment\\n\\","{{#if isRollup}}\\n\\","<script src=\"assets.app.js\"></script>\\n\\","{{#unless isRollup}}\\n\\","utility2-comment -->\\n\\","<script src=\"assets.utility2.rollup.js\"></script>\\n\\","<script src=\"jsonp.utility2._stateInit?callback=window.utility2._stateInit\"></script>\\n\\","<script src=\"assets.npmtest_postcss_modules.rollup.js\"></script>\\n\\","<script src=\"assets.example.js\"></script>\\n\\","<script src=\"assets.test.js\"></script>\\n\\","<!-- utility2-comment\\n\\","{{/if isRollup}}\\n\\","utility2-comment -->\\n\\","<div class=\"utility2FooterDiv\">\\n\\","    [ this app was created with\\n\\","    <a href=\"https://github.com/kaizhu256/node-utility2\" target=\"_blank\">utility2</a>\\n\\","    ]\\n\\","</div>\\n\\","</body>\\n\\","</html>\\n\\","';","        /* jslint-ignore-end */","        if (local.templateRender) {","            local.assetsDict['/'] = local.templateRender(","                local.assetsDict['/assets.index.template.html'],","                {","                    env: local.objectSetDefault(local.env, {","                        npm_package_description: 'the greatest app in the world!',","                        npm_package_name: 'my-app',","                        npm_package_nameAlias: 'my_app',","                        npm_package_version: '0.0.1'","                    })","                }","            );","        } else {","            local.assetsDict['/'] = local.assetsDict['/assets.index.template.html']","                .replace((/\\{\\{env\\.(\\w+?)\\}\\}/g), function (match0, match1) {","                    // jslint-hack","                    String(match0);","                    switch (match1) {","                    case 'npm_package_description':","                        return 'the greatest app in the world!';","                    case 'npm_package_name':","                        return 'my-app';","                    case 'npm_package_nameAlias':","                        return 'my_app';","                    case 'npm_package_version':","                        return '0.0.1';","                    }","                });","        }","        // run the cli","        if (local.global.utility2_rollup || module !== require.main) {","            break;","        }","        local.assetsDict['/assets.example.js'] =","            local.assetsDict['/assets.example.js'] ||","            local.fs.readFileSync(__filename, 'utf8');","        // bug-workaround - long $npm_package_buildCustomOrg","        /* jslint-ignore-begin */","        local.assetsDict['/assets.npmtest_postcss_modules.rollup.js'] =","            local.assetsDict['/assets.npmtest_postcss_modules.rollup.js'] ||","            local.fs.readFileSync(","                local.npmtest_postcss_modules.__dirname + '/lib.npmtest_postcss_modules.js',","                'utf8'","            ).replace((/^#!/), '//');","        /* jslint-ignore-end */","        local.assetsDict['/favicon.ico'] = local.assetsDict['/favicon.ico'] || '';","        // if $npm_config_timeout_exit exists,","        // then exit this process after $npm_config_timeout_exit ms","        if (Number(process.env.npm_config_timeout_exit)) {","            setTimeout(process.exit, Number(process.env.npm_config_timeout_exit));","        }","        // start server","        if (local.global.utility2_serverHttp1) {","            break;","        }","        process.env.PORT = process.env.PORT || '8081';","        console.error('server starting on port ' + process.env.PORT);","        local.http.createServer(function (request, response) {","            request.urlParsed = local.url.parse(request.url);","            if (local.assetsDict[request.urlParsed.pathname] !== undefined) {","                response.end(local.assetsDict[request.urlParsed.pathname]);","                return;","            }","            response.statusCode = 404;","            response.end();","        }).listen(process.env.PORT);","        break;","    }","}());",""],"l":{"26":2,"28":2,"33":2,"35":2,"37":2,"38":2,"39":2,"44":1,"51":2,"55":2,"59":2,"61":2,"69":1,"70":2,"76":2,"79":2,"82":2,"83":2,"85":1,"89":2,"92":1,"93":1,"94":1,"96":1,"97":1,"100":1,"101":1,"103":1,"106":1,"108":2,"114":1,"116":1,"118":1,"123":1,"124":2,"125":2,"126":3,"127":3,"128":3,"129":3,"130":1,"133":3,"134":3,"139":3,"143":1,"144":3,"145":1,"149":1,"150":1,"158":1,"160":1,"161":1,"162":1,"164":1,"166":1,"258":1,"259":1,"271":1,"274":6,"275":6,"277":1,"279":2,"281":1,"283":2,"288":1,"289":1,"291":1,"296":1,"303":1,"306":1,"307":1,"310":1,"311":1,"313":1,"314":1,"315":1,"316":1,"317":1,"318":1,"319":1,"321":1,"322":1,"324":1}},"/home/travis/build/npmtest/node-npmtest-postcss-modules/node_modules/postcss-modules/build/index.js":{"path":"/home/travis/build/npmtest/node-npmtest-postcss-modules/node_modules/postcss-modules/build/index.js","s":{"1":1,"2":1,"3":1,"4":1,"5":1,"6":1,"7":1,"8":1,"9":1,"10":1,"11":1,"12":1,"13":1,"14":1,"15":6,"16":1,"17":0,"18":0,"19":0,"20":0,"21":0,"22":1,"23":1,"24":0,"25":0,"26":0,"27":1,"28":0,"29":0,"30":0,"31":0,"32":1,"33":0,"34":0,"35":1,"36":0,"37":0,"38":1,"39":0,"40":0,"41":0,"42":0,"43":0,"44":0,"45":1,"46":0,"47":1,"48":0,"49":0,"50":0,"51":0,"52":0,"53":0,"54":0,"55":0,"56":0,"57":0,"58":0,"59":0,"60":0,"61":0,"62":0,"63":0},"b":{"1":[2,4],"2":[6,6],"3":[0,0],"4":[0,0],"5":[0,0],"6":[0,0],"7":[0,0],"8":[0,0],"9":[0,0],"10":[0,0],"11":[0,0],"12":[0,0],"13":[0,0],"14":[0,0],"15":[0,0],"16":[0,0]},"f":{"1":6,"2":0,"3":0,"4":0,"5":0,"6":0,"7":0,"8":0,"9":0,"10":0,"11":0,"12":0,"13":0},"fnMap":{"1":{"name":"_interopRequireDefault","line":29,"loc":{"start":{"line":29,"column":0},"end":{"line":29,"column":37}}},"2":{"name":"_toConsumableArray","line":31,"loc":{"start":{"line":31,"column":0},"end":{"line":31,"column":33}}},"3":{"name":"getDefaultScopeBehaviour","line":35,"loc":{"start":{"line":35,"column":0},"end":{"line":35,"column":40}}},"4":{"name":"getScopedNameGenerator","line":43,"loc":{"start":{"line":43,"column":0},"end":{"line":43,"column":38}}},"5":{"name":"getLoader","line":50,"loc":{"start":{"line":50,"column":0},"end":{"line":50,"column":34}}},"6":{"name":"isGlobalModule","line":55,"loc":{"start":{"line":55,"column":0},"end":{"line":55,"column":50}}},"7":{"name":"(anonymous_7)","line":56,"loc":{"start":{"line":56,"column":28},"end":{"line":56,"column":45}}},"8":{"name":"getDefaultPluginsList","line":61,"loc":{"start":{"line":61,"column":0},"end":{"line":61,"column":48}}},"9":{"name":"isResultPlugin","line":73,"loc":{"start":{"line":73,"column":0},"end":{"line":73,"column":32}}},"10":{"name":"(anonymous_10)","line":77,"loc":{"start":{"line":77,"column":55},"end":{"line":77,"column":67}}},"11":{"name":"(anonymous_11)","line":82,"loc":{"start":{"line":82,"column":9},"end":{"line":82,"column":32}}},"12":{"name":"(anonymous_12)","line":90,"loc":{"start":{"line":90,"column":23},"end":{"line":90,"column":50}}},"13":{"name":"(anonymous_13)","line":91,"loc":{"start":{"line":91,"column":125},"end":{"line":91,"column":137}}}},"statementMap":{"1":{"start":{"line":3,"column":0},"end":{"line":3,"column":34}},"2":{"start":{"line":5,"column":0},"end":{"line":5,"column":49}},"3":{"start":{"line":7,"column":0},"end":{"line":7,"column":60}},"4":{"start":{"line":9,"column":0},"end":{"line":9,"column":47}},"5":{"start":{"line":11,"column":0},"end":{"line":11,"column":82}},"6":{"start":{"line":13,"column":0},"end":{"line":13,"column":67}},"7":{"start":{"line":15,"column":0},"end":{"line":15,"column":45}},"8":{"start":{"line":17,"column":0},"end":{"line":17,"column":59}},"9":{"start":{"line":19,"column":0},"end":{"line":19,"column":58}},"10":{"start":{"line":21,"column":0},"end":{"line":21,"column":71}},"11":{"start":{"line":23,"column":0},"end":{"line":23,"column":38}},"12":{"start":{"line":25,"column":0},"end":{"line":25,"column":51}},"13":{"start":{"line":27,"column":0},"end":{"line":27,"column":42}},"14":{"start":{"line":29,"column":0},"end":{"line":29,"column":95}},"15":{"start":{"line":29,"column":39},"end":{"line":29,"column":93}},"16":{"start":{"line":31,"column":0},"end":{"line":31,"column":195}},"17":{"start":{"line":31,"column":35},"end":{"line":31,"column":193}},"18":{"start":{"line":31,"column":61},"end":{"line":31,"column":145}},"19":{"start":{"line":31,"column":126},"end":{"line":31,"column":143}},"20":{"start":{"line":31,"column":146},"end":{"line":31,"column":158}},"21":{"start":{"line":31,"column":168},"end":{"line":31,"column":191}},"22":{"start":{"line":33,"column":0},"end":{"line":33,"column":36}},"23":{"start":{"line":35,"column":0},"end":{"line":41,"column":1}},"24":{"start":{"line":36,"column":2},"end":{"line":38,"column":3}},"25":{"start":{"line":37,"column":4},"end":{"line":37,"column":31}},"26":{"start":{"line":40,"column":2},"end":{"line":40,"column":38}},"27":{"start":{"line":43,"column":0},"end":{"line":48,"column":1}},"28":{"start":{"line":44,"column":2},"end":{"line":44,"column":84}},"29":{"start":{"line":46,"column":2},"end":{"line":46,"column":76}},"30":{"start":{"line":46,"column":49},"end":{"line":46,"column":76}},"31":{"start":{"line":47,"column":2},"end":{"line":47,"column":86}},"32":{"start":{"line":50,"column":0},"end":{"line":53,"column":1}},"33":{"start":{"line":51,"column":2},"end":{"line":51,"column":30}},"34":{"start":{"line":52,"column":2},"end":{"line":52,"column":124}},"35":{"start":{"line":55,"column":0},"end":{"line":59,"column":1}},"36":{"start":{"line":56,"column":2},"end":{"line":58,"column":5}},"37":{"start":{"line":57,"column":4},"end":{"line":57,"column":34}},"38":{"start":{"line":61,"column":0},"end":{"line":71,"column":1}},"39":{"start":{"line":62,"column":2},"end":{"line":62,"column":57}},"40":{"start":{"line":63,"column":2},"end":{"line":63,"column":56}},"41":{"start":{"line":64,"column":2},"end":{"line":64,"column":50}},"42":{"start":{"line":66,"column":2},"end":{"line":68,"column":3}},"43":{"start":{"line":67,"column":4},"end":{"line":67,"column":91}},"44":{"start":{"line":70,"column":2},"end":{"line":70,"column":76}},"45":{"start":{"line":73,"column":0},"end":{"line":75,"column":1}},"46":{"start":{"line":74,"column":2},"end":{"line":74,"column":46}},"47":{"start":{"line":77,"column":0},"end":{"line":101,"column":3}},"48":{"start":{"line":78,"column":2},"end":{"line":78,"column":84}},"49":{"start":{"line":80,"column":2},"end":{"line":80,"column":51}},"50":{"start":{"line":82,"column":2},"end":{"line":100,"column":4}},"51":{"start":{"line":83,"column":4},"end":{"line":83,"column":42}},"52":{"start":{"line":84,"column":4},"end":{"line":84,"column":72}},"53":{"start":{"line":85,"column":4},"end":{"line":85,"column":60}},"54":{"start":{"line":86,"column":4},"end":{"line":86,"column":95}},"55":{"start":{"line":87,"column":4},"end":{"line":87,"column":42}},"56":{"start":{"line":88,"column":4},"end":{"line":88,"column":65}},"57":{"start":{"line":90,"column":4},"end":{"line":99,"column":7}},"58":{"start":{"line":91,"column":6},"end":{"line":98,"column":17}},"59":{"start":{"line":92,"column":8},"end":{"line":92,"column":37}},"60":{"start":{"line":93,"column":8},"end":{"line":93,"column":34}},"61":{"start":{"line":93,"column":17},"end":{"line":93,"column":34}},"62":{"start":{"line":95,"column":8},"end":{"line":95,"column":60}},"63":{"start":{"line":97,"column":8},"end":{"line":97,"column":18}}},"branchMap":{"1":{"line":29,"type":"cond-expr","locations":[{"start":{"line":29,"column":70},"end":{"line":29,"column":73}},{"start":{"line":29,"column":76},"end":{"line":29,"column":92}}]},"2":{"line":29,"type":"binary-expr","locations":[{"start":{"line":29,"column":46},"end":{"line":29,"column":49}},{"start":{"line":29,"column":53},"end":{"line":29,"column":67}}]},"3":{"line":31,"type":"if","locations":[{"start":{"line":31,"column":35},"end":{"line":31,"column":35}},{"start":{"line":31,"column":35},"end":{"line":31,"column":35}}]},"4":{"line":36,"type":"if","locations":[{"start":{"line":36,"column":2},"end":{"line":36,"column":2}},{"start":{"line":36,"column":2},"end":{"line":36,"column":2}}]},"5":{"line":36,"type":"binary-expr","locations":[{"start":{"line":36,"column":6},"end":{"line":36,"column":25}},{"start":{"line":36,"column":29},"end":{"line":36,"column":83}}]},"6":{"line":44,"type":"binary-expr","locations":[{"start":{"line":44,"column":28},"end":{"line":44,"column":51}},{"start":{"line":44,"column":55},"end":{"line":44,"column":83}}]},"7":{"line":46,"type":"if","locations":[{"start":{"line":46,"column":2},"end":{"line":46,"column":2}},{"start":{"line":46,"column":2},"end":{"line":46,"column":2}}]},"8":{"line":51,"type":"binary-expr","locations":[{"start":{"line":51,"column":13},"end":{"line":51,"column":22}},{"start":{"line":51,"column":26},"end":{"line":51,"column":29}}]},"9":{"line":52,"type":"cond-expr","locations":[{"start":{"line":52,"column":45},"end":{"line":52,"column":75}},{"start":{"line":52,"column":78},"end":{"line":52,"column":123}}]},"10":{"line":62,"type":"binary-expr","locations":[{"start":{"line":62,"column":26},"end":{"line":62,"column":48}},{"start":{"line":62,"column":52},"end":{"line":62,"column":56}}]},"11":{"line":66,"type":"if","locations":[{"start":{"line":66,"column":2},"end":{"line":66,"column":2}},{"start":{"line":66,"column":2},"end":{"line":66,"column":2}}]},"12":{"line":66,"type":"binary-expr","locations":[{"start":{"line":66,"column":6},"end":{"line":66,"column":23}},{"start":{"line":66,"column":27},"end":{"line":66,"column":71}}]},"13":{"line":78,"type":"cond-expr","locations":[{"start":{"line":78,"column":66},"end":{"line":78,"column":78}},{"start":{"line":78,"column":81},"end":{"line":78,"column":83}}]},"14":{"line":78,"type":"binary-expr","locations":[{"start":{"line":78,"column":13},"end":{"line":78,"column":33}},{"start":{"line":78,"column":37},"end":{"line":78,"column":63}}]},"15":{"line":80,"type":"binary-expr","locations":[{"start":{"line":80,"column":16},"end":{"line":80,"column":28}},{"start":{"line":80,"column":32},"end":{"line":80,"column":50}}]},"16":{"line":93,"type":"if","locations":[{"start":{"line":93,"column":8},"end":{"line":93,"column":8}},{"start":{"line":93,"column":8},"end":{"line":93,"column":8}}]}},"code":["'use strict';","","var _postcss = require('postcss');","","var _postcss2 = _interopRequireDefault(_postcss);","","var _parser = require('css-modules-loader-core/lib/parser');","","var _parser2 = _interopRequireDefault(_parser);","","var _fileSystemLoader = require('css-modules-loader-core/lib/file-system-loader');","","var _fileSystemLoader2 = _interopRequireDefault(_fileSystemLoader);","","var _genericNames = require('generic-names');","","var _genericNames2 = _interopRequireDefault(_genericNames);","","var _generateScopedName = require('./generateScopedName');","","var _generateScopedName2 = _interopRequireDefault(_generateScopedName);","","var _saveJSON = require('./saveJSON');","","var _saveJSON2 = _interopRequireDefault(_saveJSON);","","var _behaviours = require('./behaviours');","","function _interopRequireDefault(obj) { return obj && obj.__esModule ? obj : { default: obj }; }","","function _toConsumableArray(arr) { if (Array.isArray(arr)) { for (var i = 0, arr2 = Array(arr.length); i < arr.length; i++) { arr2[i] = arr[i]; } return arr2; } else { return Array.from(arr); } }","","var PLUGIN_NAME = 'postcss-modules';","","function getDefaultScopeBehaviour(opts) {","  if (opts.scopeBehaviour && (0, _behaviours.isValidBehaviour)(opts.scopeBehaviour)) {","    return opts.scopeBehaviour;","  }","","  return _behaviours.behaviours.LOCAL;","}","","function getScopedNameGenerator(opts) {","  var scopedNameGenerator = opts.generateScopedName || _generateScopedName2.default;","","  if (typeof scopedNameGenerator === 'function') return scopedNameGenerator;","  return (0, _genericNames2.default)(scopedNameGenerator, { context: process.cwd() });","}","","function getLoader(opts, plugins) {","  var root = opts.root || '/';","  return typeof opts.Loader === 'function' ? new opts.Loader(root, plugins) : new _fileSystemLoader2.default(root, plugins);","}","","function isGlobalModule(globalModules, inputFile) {","  return globalModules.some(function (regex) {","    return inputFile.match(regex);","  });","}","","function getDefaultPluginsList(opts, inputFile) {","  var globalModulesList = opts.globalModulePaths || null;","  var defaultBehaviour = getDefaultScopeBehaviour(opts);","  var generateName = getScopedNameGenerator(opts);","","  if (globalModulesList && isGlobalModule(globalModulesList, inputFile)) {","    return (0, _behaviours.getDefaultPlugins)(_behaviours.behaviours.GLOBAL, generateName);","  }","","  return (0, _behaviours.getDefaultPlugins)(defaultBehaviour, generateName);","}","","function isResultPlugin(plugin) {","  return plugin.postcssPlugin !== PLUGIN_NAME;","}","","module.exports = _postcss2.default.plugin(PLUGIN_NAME, function () {","  var opts = arguments.length > 0 && arguments[0] !== undefined ? arguments[0] : {};","","  var getJSON = opts.getJSON || _saveJSON2.default;","","  return function (css, result) {","    var inputFile = css.source.input.file;","    var resultPlugins = result.processor.plugins.filter(isResultPlugin);","    var pluginList = getDefaultPluginsList(opts, inputFile);","    var plugins = [].concat(_toConsumableArray(pluginList), _toConsumableArray(resultPlugins));","    var loader = getLoader(opts, plugins);","    var parser = new _parser2.default(loader.fetch.bind(loader));","","    return new Promise(function (resolve, reject) {","      (0, _postcss2.default)([].concat(_toConsumableArray(plugins), [parser.plugin])).process(css, { from: inputFile }).then(function () {","        var out = loader.finalSource;","        if (out) css.prepend(out);","","        getJSON(css.source.input.file, parser.exportTokens);","","        resolve();","      }, reject);","    });","  };","});"],"l":{"3":1,"5":1,"7":1,"9":1,"11":1,"13":1,"15":1,"17":1,"19":1,"21":1,"23":1,"25":1,"27":1,"29":6,"31":1,"33":1,"35":1,"36":0,"37":0,"40":0,"43":1,"44":0,"46":0,"47":0,"50":1,"51":0,"52":0,"55":1,"56":0,"57":0,"61":1,"62":0,"63":0,"64":0,"66":0,"67":0,"70":0,"73":1,"74":0,"77":1,"78":0,"80":0,"82":0,"83":0,"84":0,"85":0,"86":0,"87":0,"88":0,"90":0,"91":0,"92":0,"93":0,"95":0,"97":0}},"/home/travis/build/npmtest/node-npmtest-postcss-modules/node_modules/postcss-modules-local-by-default/index.js":{"path":"/home/travis/build/npmtest/node-npmtest-postcss-modules/node_modules/postcss-modules-local-by-default/index.js","s":{"1":1,"2":1,"3":1,"4":0,"5":0,"6":0,"7":0,"8":0,"9":0,"10":0,"11":0,"12":0,"13":0,"14":1,"15":0,"16":0,"17":0,"18":0,"19":0,"20":0,"21":0,"22":0,"23":0,"24":0,"25":0,"26":0,"27":0,"28":0,"29":0,"30":0,"31":0,"32":0,"33":0,"34":0,"35":0,"36":0,"37":0,"38":0,"39":0,"40":0,"41":0,"42":0,"43":0,"44":0,"45":0,"46":0,"47":0,"48":0,"49":0,"50":0,"51":0,"52":0,"53":0,"54":0,"55":0,"56":0,"57":0,"58":0,"59":0,"60":0,"61":0,"62":0,"63":0,"64":0,"65":0,"66":0,"67":0,"68":0,"69":0,"70":0,"71":0,"72":0,"73":0,"74":0,"75":0,"76":0,"77":0,"78":0,"79":0,"80":0,"81":0,"82":0,"83":1,"84":0,"85":0,"86":0,"87":0,"88":0,"89":0,"90":0,"91":0,"92":0,"93":0,"94":0,"95":0,"96":0,"97":0,"98":0,"99":0,"100":0,"101":0,"102":0,"103":1,"104":0,"105":0,"106":0,"107":0,"108":1,"109":0,"110":0,"111":0,"112":0,"113":0,"114":0,"115":0,"116":0,"117":0,"118":0,"119":0,"120":0,"121":0,"122":0,"123":1,"124":0,"125":0,"126":0,"127":0,"128":0,"129":0,"130":1,"131":0,"132":0,"133":0,"134":0,"135":0,"136":1,"137":0,"138":0,"139":0,"140":0,"141":0,"142":0,"143":0,"144":0,"145":1,"146":0,"147":0,"148":0,"149":0,"150":0,"151":0,"152":0,"153":0,"154":0,"155":0,"156":0,"157":0,"158":0,"159":0,"160":0,"161":0,"162":0,"163":0,"164":0,"165":0,"166":0,"167":0,"168":0,"169":0,"170":0,"171":0,"172":0,"173":0,"174":0,"175":0,"176":0,"177":0,"178":0,"179":0,"180":0,"181":0,"182":0,"183":0,"184":0,"185":0,"186":0,"187":0,"188":0,"189":0},"b":{"1":[0,0],"2":[0,0],"3":[0,0],"4":[0,0],"5":[0,0],"6":[0,0],"7":[0,0],"8":[0,0],"9":[0,0,0,0,0,0,0],"10":[0,0],"11":[0,0],"12":[0,0],"13":[0,0],"14":[0,0],"15":[0,0],"16":[0,0],"17":[0,0],"18":[0,0],"19":[0,0],"20":[0,0],"21":[0,0],"22":[0,0],"23":[0,0],"24":[0,0,0],"25":[0,0],"26":[0,0],"27":[0,0],"28":[0,0],"29":[0,0],"30":[0,0,0],"31":[0,0],"32":[0,0],"33":[0,0],"34":[0,0],"35":[0,0],"36":[0,0],"37":[0,0],"38":[0,0],"39":[0,0],"40":[0,0],"41":[0,0,0],"42":[0,0],"43":[0,0],"44":[0,0],"45":[0,0],"46":[0,0],"47":[0,0],"48":[0,0],"49":[0,0],"50":[0,0],"51":[0,0],"52":[0,0],"53":[0,0],"54":[0,0],"55":[0,0]},"f":{"1":0,"2":0,"3":0,"4":0,"5":0,"6":0,"7":0,"8":0,"9":0,"10":0,"11":0,"12":0,"13":0,"14":0,"15":0,"16":0,"17":0,"18":0,"19":0,"20":0,"21":0,"22":0,"23":0,"24":0,"25":0,"26":0},"fnMap":{"1":{"name":"normalizeNodeArray","line":4,"loc":{"start":{"line":4,"column":0},"end":{"line":4,"column":35}}},"2":{"name":"(anonymous_2)","line":6,"loc":{"start":{"line":6,"column":16},"end":{"line":6,"column":28}}},"3":{"name":"(anonymous_3)","line":8,"loc":{"start":{"line":8,"column":36},"end":{"line":8,"column":51}}},"4":{"name":"localizeNode","line":21,"loc":{"start":{"line":21,"column":0},"end":{"line":21,"column":37}}},"5":{"name":"(anonymous_5)","line":34,"loc":{"start":{"line":34,"column":32},"end":{"line":34,"column":44}}},"6":{"name":"(anonymous_6)","line":59,"loc":{"start":{"line":59,"column":32},"end":{"line":59,"column":44}}},"7":{"name":"(anonymous_7)","line":101,"loc":{"start":{"line":101,"column":30},"end":{"line":101,"column":42}}},"8":{"name":"(anonymous_8)","line":115,"loc":{"start":{"line":115,"column":34},"end":{"line":115,"column":46}}},"9":{"name":"localizeDeclNode","line":146,"loc":{"start":{"line":146,"column":0},"end":{"line":146,"column":41}}},"10":{"name":"(anonymous_10)","line":159,"loc":{"start":{"line":159,"column":36},"end":{"line":159,"column":48}}},"11":{"name":"localizeDeclValue","line":177,"loc":{"start":{"line":177,"column":0},"end":{"line":177,"column":47}}},"12":{"name":"(anonymous_12)","line":179,"loc":{"start":{"line":179,"column":43},"end":{"line":179,"column":58}}},"13":{"name":"localizeAnimationShorthandDeclValueNodes","line":185,"loc":{"start":{"line":185,"column":0},"end":{"line":185,"column":66}}},"14":{"name":"(anonymous_14)","line":225,"loc":{"start":{"line":225,"column":19},"end":{"line":225,"column":39}}},"15":{"name":"localizeAnimationShorthandDeclValues","line":253,"loc":{"start":{"line":253,"column":0},"end":{"line":253,"column":73}}},"16":{"name":"(anonymous_16)","line":255,"loc":{"start":{"line":255,"column":45},"end":{"line":255,"column":72}}},"17":{"name":"localizeDeclValues","line":263,"loc":{"start":{"line":263,"column":0},"end":{"line":263,"column":65}}},"18":{"name":"(anonymous_18)","line":265,"loc":{"start":{"line":265,"column":45},"end":{"line":265,"column":65}}},"19":{"name":"localizeDecl","line":276,"loc":{"start":{"line":276,"column":0},"end":{"line":276,"column":37}}},"20":{"name":"(anonymous_20)","line":288,"loc":{"start":{"line":288,"column":68},"end":{"line":288,"column":87}}},"21":{"name":"(anonymous_21)","line":299,"loc":{"start":{"line":299,"column":9},"end":{"line":299,"column":23}}},"22":{"name":"(anonymous_22)","line":300,"loc":{"start":{"line":300,"column":20},"end":{"line":300,"column":37}}},"23":{"name":"(anonymous_23)","line":317,"loc":{"start":{"line":317,"column":25},"end":{"line":317,"column":40}}},"24":{"name":"(anonymous_24)","line":324,"loc":{"start":{"line":324,"column":29},"end":{"line":324,"column":44}}},"25":{"name":"(anonymous_25)","line":334,"loc":{"start":{"line":334,"column":18},"end":{"line":334,"column":33}}},"26":{"name":"(anonymous_26)","line":357,"loc":{"start":{"line":357,"column":27},"end":{"line":357,"column":42}}}},"statementMap":{"1":{"start":{"line":1,"column":0},"end":{"line":1,"column":33}},"2":{"start":{"line":2,"column":0},"end":{"line":2,"column":50}},"3":{"start":{"line":4,"column":0},"end":{"line":19,"column":1}},"4":{"start":{"line":5,"column":2},"end":{"line":5,"column":17}},"5":{"start":{"line":6,"column":2},"end":{"line":14,"column":5}},"6":{"start":{"line":7,"column":4},"end":{"line":13,"column":5}},"7":{"start":{"line":8,"column":6},"end":{"line":10,"column":9}},"8":{"start":{"line":9,"column":8},"end":{"line":9,"column":25}},"9":{"start":{"line":11,"column":11},"end":{"line":13,"column":5}},"10":{"start":{"line":12,"column":6},"end":{"line":12,"column":20}},"11":{"start":{"line":15,"column":2},"end":{"line":17,"column":3}},"12":{"start":{"line":16,"column":4},"end":{"line":16,"column":16}},"13":{"start":{"line":18,"column":2},"end":{"line":18,"column":15}},"14":{"start":{"line":21,"column":0},"end":{"line":144,"column":1}},"15":{"start":{"line":22,"column":2},"end":{"line":24,"column":3}},"16":{"start":{"line":23,"column":4},"end":{"line":23,"column":78}},"17":{"start":{"line":25,"column":2},"end":{"line":27,"column":3}},"18":{"start":{"line":26,"column":4},"end":{"line":26,"column":78}},"19":{"start":{"line":29,"column":2},"end":{"line":29,"column":15}},"20":{"start":{"line":30,"column":2},"end":{"line":137,"column":3}},"21":{"start":{"line":32,"column":6},"end":{"line":32,"column":26}},"22":{"start":{"line":33,"column":6},"end":{"line":33,"column":37}},"23":{"start":{"line":34,"column":6},"end":{"line":52,"column":9}},"24":{"start":{"line":35,"column":8},"end":{"line":40,"column":10}},"25":{"start":{"line":41,"column":8},"end":{"line":41,"column":38}},"26":{"start":{"line":42,"column":8},"end":{"line":47,"column":9}},"27":{"start":{"line":43,"column":10},"end":{"line":43,"column":44}},"28":{"start":{"line":44,"column":15},"end":{"line":47,"column":9}},"29":{"start":{"line":45,"column":10},"end":{"line":46,"column":108}},"30":{"start":{"line":48,"column":8},"end":{"line":50,"column":9}},"31":{"start":{"line":49,"column":10},"end":{"line":49,"column":40}},"32":{"start":{"line":51,"column":8},"end":{"line":51,"column":17}},"33":{"start":{"line":53,"column":6},"end":{"line":53,"column":39}},"34":{"start":{"line":54,"column":6},"end":{"line":54,"column":33}},"35":{"start":{"line":55,"column":6},"end":{"line":55,"column":48}},"36":{"start":{"line":56,"column":6},"end":{"line":56,"column":12}},"37":{"start":{"line":59,"column":6},"end":{"line":61,"column":9}},"38":{"start":{"line":60,"column":8},"end":{"line":60,"column":40}},"39":{"start":{"line":62,"column":6},"end":{"line":62,"column":33}},"40":{"start":{"line":63,"column":6},"end":{"line":63,"column":48}},"41":{"start":{"line":64,"column":6},"end":{"line":64,"column":12}},"42":{"start":{"line":67,"column":6},"end":{"line":72,"column":7}},"43":{"start":{"line":68,"column":8},"end":{"line":68,"column":42}},"44":{"start":{"line":69,"column":8},"end":{"line":69,"column":39}},"45":{"start":{"line":70,"column":8},"end":{"line":70,"column":41}},"46":{"start":{"line":71,"column":8},"end":{"line":71,"column":20}},"47":{"start":{"line":73,"column":6},"end":{"line":73,"column":36}},"48":{"start":{"line":74,"column":6},"end":{"line":74,"column":18}},"49":{"start":{"line":77,"column":6},"end":{"line":86,"column":7}},"50":{"start":{"line":78,"column":8},"end":{"line":80,"column":9}},"51":{"start":{"line":79,"column":10},"end":{"line":79,"column":106}},"52":{"start":{"line":81,"column":8},"end":{"line":81,"column":79}},"53":{"start":{"line":82,"column":8},"end":{"line":82,"column":78}},"54":{"start":{"line":83,"column":8},"end":{"line":83,"column":50}},"55":{"start":{"line":84,"column":8},"end":{"line":84,"column":32}},"56":{"start":{"line":85,"column":8},"end":{"line":85,"column":20}},"57":{"start":{"line":87,"column":6},"end":{"line":87,"column":12}},"58":{"start":{"line":90,"column":6},"end":{"line":90,"column":21}},"59":{"start":{"line":91,"column":6},"end":{"line":120,"column":7}},"60":{"start":{"line":92,"column":8},"end":{"line":94,"column":9}},"61":{"start":{"line":93,"column":10},"end":{"line":93,"column":111}},"62":{"start":{"line":95,"column":8},"end":{"line":100,"column":10}},"63":{"start":{"line":101,"column":8},"end":{"line":103,"column":11}},"64":{"start":{"line":102,"column":10},"end":{"line":102,"column":45}},"65":{"start":{"line":105,"column":8},"end":{"line":105,"column":35}},"66":{"start":{"line":106,"column":8},"end":{"line":106,"column":48}},"67":{"start":{"line":108,"column":8},"end":{"line":114,"column":10}},"68":{"start":{"line":115,"column":8},"end":{"line":117,"column":11}},"69":{"start":{"line":116,"column":10},"end":{"line":116,"column":45}},"70":{"start":{"line":118,"column":8},"end":{"line":118,"column":35}},"71":{"start":{"line":119,"column":8},"end":{"line":119,"column":50}},"72":{"start":{"line":121,"column":6},"end":{"line":123,"column":7}},"73":{"start":{"line":122,"column":8},"end":{"line":122,"column":33}},"74":{"start":{"line":124,"column":6},"end":{"line":124,"column":12}},"75":{"start":{"line":128,"column":6},"end":{"line":135,"column":7}},"76":{"start":{"line":129,"column":8},"end":{"line":133,"column":10}},"77":{"start":{"line":134,"column":8},"end":{"line":134,"column":33}},"78":{"start":{"line":136,"column":6},"end":{"line":136,"column":12}},"79":{"start":{"line":140,"column":2},"end":{"line":140,"column":33}},"80":{"start":{"line":141,"column":2},"end":{"line":141,"column":36}},"81":{"start":{"line":142,"column":2},"end":{"line":142,"column":35}},"82":{"start":{"line":143,"column":2},"end":{"line":143,"column":14}},"83":{"start":{"line":146,"column":0},"end":{"line":175,"column":1}},"84":{"start":{"line":147,"column":2},"end":{"line":147,"column":14}},"85":{"start":{"line":148,"column":2},"end":{"line":173,"column":3}},"86":{"start":{"line":150,"column":6},"end":{"line":155,"column":7}},"87":{"start":{"line":151,"column":8},"end":{"line":151,"column":38}},"88":{"start":{"line":152,"column":8},"end":{"line":152,"column":54}},"89":{"start":{"line":153,"column":8},"end":{"line":153,"column":41}},"90":{"start":{"line":154,"column":8},"end":{"line":154,"column":23}},"91":{"start":{"line":156,"column":6},"end":{"line":156,"column":12}},"92":{"start":{"line":159,"column":6},"end":{"line":161,"column":9}},"93":{"start":{"line":160,"column":8},"end":{"line":160,"column":45}},"94":{"start":{"line":162,"column":6},"end":{"line":162,"column":33}},"95":{"start":{"line":163,"column":6},"end":{"line":163,"column":28}},"96":{"start":{"line":164,"column":6},"end":{"line":164,"column":12}},"97":{"start":{"line":167,"column":6},"end":{"line":171,"column":7}},"98":{"start":{"line":168,"column":8},"end":{"line":168,"column":38}},"99":{"start":{"line":169,"column":8},"end":{"line":169,"column":75}},"100":{"start":{"line":170,"column":8},"end":{"line":170,"column":23}},"101":{"start":{"line":172,"column":6},"end":{"line":172,"column":12}},"102":{"start":{"line":174,"column":2},"end":{"line":174,"column":14}},"103":{"start":{"line":177,"column":0},"end":{"line":183,"column":1}},"104":{"start":{"line":178,"column":2},"end":{"line":178,"column":46}},"105":{"start":{"line":179,"column":2},"end":{"line":181,"column":5}},"106":{"start":{"line":180,"column":4},"end":{"line":180,"column":43}},"107":{"start":{"line":182,"column":2},"end":{"line":182,"column":22}},"108":{"start":{"line":185,"column":0},"end":{"line":251,"column":1}},"109":{"start":{"line":186,"column":2},"end":{"line":186,"column":57}},"110":{"start":{"line":199,"column":2},"end":{"line":221,"column":4}},"111":{"start":{"line":223,"column":2},"end":{"line":223,"column":36}},"112":{"start":{"line":224,"column":2},"end":{"line":224,"column":35}},"113":{"start":{"line":225,"column":2},"end":{"line":250,"column":5}},"114":{"start":{"line":226,"column":4},"end":{"line":228,"column":13}},"115":{"start":{"line":230,"column":4},"end":{"line":230,"column":41}},"116":{"start":{"line":232,"column":4},"end":{"line":242,"column":5}},"117":{"start":{"line":233,"column":6},"end":{"line":241,"column":7}},"118":{"start":{"line":234,"column":8},"end":{"line":236,"column":14}},"119":{"start":{"line":238,"column":8},"end":{"line":238,"column":108}},"120":{"start":{"line":240,"column":8},"end":{"line":240,"column":40}},"121":{"start":{"line":244,"column":4},"end":{"line":248,"column":6}},"122":{"start":{"line":249,"column":4},"end":{"line":249,"column":51}},"123":{"start":{"line":253,"column":0},"end":{"line":261,"column":1}},"124":{"start":{"line":254,"column":2},"end":{"line":254,"column":48}},"125":{"start":{"line":255,"column":2},"end":{"line":259,"column":5}},"126":{"start":{"line":256,"column":4},"end":{"line":256,"column":48}},"127":{"start":{"line":257,"column":4},"end":{"line":257,"column":92}},"128":{"start":{"line":258,"column":4},"end":{"line":258,"column":24}},"129":{"start":{"line":260,"column":2},"end":{"line":260,"column":56}},"130":{"start":{"line":263,"column":0},"end":{"line":274,"column":1}},"131":{"start":{"line":264,"column":2},"end":{"line":264,"column":48}},"132":{"start":{"line":265,"column":2},"end":{"line":272,"column":5}},"133":{"start":{"line":266,"column":4},"end":{"line":270,"column":6}},"134":{"start":{"line":271,"column":4},"end":{"line":271,"column":52}},"135":{"start":{"line":273,"column":2},"end":{"line":273,"column":56}},"136":{"start":{"line":276,"column":0},"end":{"line":286,"column":1}},"137":{"start":{"line":277,"column":2},"end":{"line":277,"column":53}},"138":{"start":{"line":279,"column":2},"end":{"line":279,"column":50}},"139":{"start":{"line":280,"column":2},"end":{"line":280,"column":90}},"140":{"start":{"line":280,"column":19},"end":{"line":280,"column":90}},"141":{"start":{"line":282,"column":2},"end":{"line":282,"column":61}},"142":{"start":{"line":283,"column":2},"end":{"line":283,"column":82}},"143":{"start":{"line":283,"column":23},"end":{"line":283,"column":82}},"144":{"start":{"line":285,"column":2},"end":{"line":285,"column":62}},"145":{"start":{"line":288,"column":0},"end":{"line":364,"column":3}},"146":{"start":{"line":289,"column":2},"end":{"line":291,"column":3}},"147":{"start":{"line":290,"column":4},"end":{"line":290,"column":17}},"148":{"start":{"line":292,"column":2},"end":{"line":296,"column":3}},"149":{"start":{"line":293,"column":4},"end":{"line":295,"column":5}},"150":{"start":{"line":294,"column":6},"end":{"line":294,"column":99}},"151":{"start":{"line":297,"column":2},"end":{"line":297,"column":52}},"152":{"start":{"line":298,"column":2},"end":{"line":298,"column":56}},"153":{"start":{"line":299,"column":2},"end":{"line":363,"column":4}},"154":{"start":{"line":300,"column":4},"end":{"line":333,"column":7}},"155":{"start":{"line":301,"column":6},"end":{"line":332,"column":7}},"156":{"start":{"line":302,"column":8},"end":{"line":302,"column":75}},"157":{"start":{"line":303,"column":8},"end":
[...]
mn":42}},"57":{"start":{"line":54,"column":6},"end":{"line":54,"column":30}},"58":{"start":{"line":57,"column":6},"end":{"line":57,"column":54}},"59":{"start":{"line":57,"column":29},"end":{"line":57,"column":54}},"60":{"start":{"line":58,"column":6},"end":{"line":73,"column":9}},"61":{"start":{"line":59,"column":8},"end":{"line":59,"column":45}},"62":{"start":{"line":60,"column":8},"end":{"line":72,"column":9}},"63":{"start":{"line":61,"column":10},"end":{"line":61,"column":50}},"64":{"start":{"line":63,"column":10},"end":{"line":63,"column":46}},"65":{"start":{"line":64,"column":10},"end":{"line":64,"column":36}},"66":{"start":{"line":65,"column":10},"end":{"line":65,"column":69}},"67":{"start":{"line":67,"column":10},"end":{"line":67,"column":56}},"68":{"start":{"line":68,"column":10},"end":{"line":68,"column":45}},"69":{"start":{"line":69,"column":10},"end":{"line":69,"column":70}},"70":{"start":{"line":71,"column":10},"end":{"line":71,"column":75}},"71":{"start":{"line":74,"column":6},"end":{"line":74,"column":59}},"72":{"start":{"line":75,"column":6},"end":{"line":75,"column":22}},"73":{"start":{"line":80,"column":2},"end":{"line":90,"column":5}},"74":{"start":{"line":81,"column":4},"end":{"line":89,"column":5}},"75":{"start":{"line":82,"column":6},"end":{"line":82,"column":24}},"76":{"start":{"line":84,"column":6},"end":{"line":86,"column":7}},"77":{"start":{"line":85,"column":8},"end":{"line":85,"column":66}},"78":{"start":{"line":88,"column":6},"end":{"line":88,"column":28}},"79":{"start":{"line":94,"column":2},"end":{"line":100,"column":5}},"80":{"start":{"line":95,"column":4},"end":{"line":99,"column":7}},"81":{"start":{"line":103,"column":2},"end":{"line":103,"column":47}},"82":{"start":{"line":103,"column":40},"end":{"line":103,"column":47}},"83":{"start":{"line":106,"column":2},"end":{"line":106,"column":54}},"84":{"start":{"line":109,"column":2},"end":{"line":116,"column":3}},"85":{"start":{"line":110,"column":4},"end":{"line":113,"column":7}},"86":{"start":{"line":114,"column":4},"end":{"line":114,"column":42}},"87":{"start":{"line":115,"column":4},"end":{"line":115,"column":28}},"88":{"start":{"line":119,"column":2},"end":{"line":139,"column":5}},"89":{"start":{"line":120,"column":4},"end":{"line":120,"column":25}},"90":{"start":{"line":121,"column":4},"end":{"line":121,"column":31}},"91":{"start":{"line":123,"column":4},"end":{"line":126,"column":7}},"92":{"start":{"line":127,"column":4},"end":{"line":136,"column":7}},"93":{"start":{"line":128,"column":6},"end":{"line":128,"column":38}},"94":{"start":{"line":129,"column":6},"end":{"line":129,"column":44}},"95":{"start":{"line":131,"column":6},"end":{"line":135,"column":9}},"96":{"start":{"line":138,"column":4},"end":{"line":138,"column":28}},"97":{"start":{"line":142,"column":0},"end":{"line":142,"column":36}}},"branchMap":{"1":{"line":7,"type":"if","locations":[{"start":{"line":7,"column":247},"end":{"line":7,"column":247}},{"start":{"line":7,"column":247},"end":{"line":7,"column":247}}]},"2":{"line":7,"type":"binary-expr","locations":[{"start":{"line":7,"column":251},"end":{"line":7,"column":252}},{"start":{"line":7,"column":256},"end":{"line":7,"column":273}}]},"3":{"line":7,"type":"if","locations":[{"start":{"line":7,"column":339},"end":{"line":7,"column":339}},{"start":{"line":7,"column":339},"end":{"line":7,"column":339}}]},"4":{"line":7,"type":"binary-expr","locations":[{"start":{"line":7,"column":343},"end":{"line":7,"column":346}},{"start":{"line":7,"column":350},"end":{"line":7,"column":362}}]},"5":{"line":7,"type":"if","locations":[{"start":{"line":7,"column":392},"end":{"line":7,"column":392}},{"start":{"line":7,"column":392},"end":{"line":7,"column":392}}]},"6":{"line":7,"type":"if","locations":[{"start":{"line":7,"column":456},"end":{"line":7,"column":456}},{"start":{"line":7,"column":456},"end":{"line":7,"column":456}}]},"7":{"line":7,"type":"if","locations":[{"start":{"line":7,"column":501},"end":{"line":7,"column":501}},{"start":{"line":7,"column":501},"end":{"line":7,"column":501}}]},"8":{"line":17,"type":"cond-expr","locations":[{"start":{"line":17,"column":70},"end":{"line":17,"column":73}},{"start":{"line":17,"column":76},"end":{"line":17,"column":92}}]},"9":{"line":17,"type":"binary-expr","locations":[{"start":{"line":17,"column":46},"end":{"line":17,"column":49}},{"start":{"line":17,"column":53},"end":{"line":17,"column":67}}]},"10":{"line":24,"type":"binary-expr","locations":[{"start":{"line":24,"column":25},"end":{"line":24,"column":32}},{"start":{"line":24,"column":36},"end":{"line":24,"column":62}},{"start":{"line":24,"column":66},"end":{"line":26,"column":1}}]},"11":{"line":50,"type":"if","locations":[{"start":{"line":50,"column":4},"end":{"line":50,"column":4}},{"start":{"line":50,"column":4},"end":{"line":50,"column":4}}]},"12":{"line":57,"type":"if","locations":[{"start":{"line":57,"column":6},"end":{"line":57,"column":6}},{"start":{"line":57,"column":6},"end":{"line":57,"column":6}}]},"13":{"line":60,"type":"if","locations":[{"start":{"line":60,"column":8},"end":{"line":60,"column":8}},{"start":{"line":60,"column":8},"end":{"line":60,"column":8}}]},"14":{"line":65,"type":"cond-expr","locations":[{"start":{"line":65,"column":48},"end":{"line":65,"column":57}},{"start":{"line":65,"column":60},"end":{"line":65,"column":68}}]},"15":{"line":81,"type":"if","locations":[{"start":{"line":81,"column":4},"end":{"line":81,"column":4}},{"start":{"line":81,"column":4},"end":{"line":81,"column":4}}]},"16":{"line":84,"type":"if","locations":[{"start":{"line":84,"column":6},"end":{"line":84,"column":6}},{"start":{"line":84,"column":6},"end":{"line":84,"column":6}}]},"17":{"line":103,"type":"if","locations":[{"start":{"line":103,"column":2},"end":{"line":103,"column":2}},{"start":{"line":103,"column":2},"end":{"line":103,"column":2}}]},"18":{"line":109,"type":"if","locations":[{"start":{"line":109,"column":2},"end":{"line":109,"column":2}},{"start":{"line":109,"column":2},"end":{"line":109,"column":2}}]}},"code":["'use strict';","","Object.defineProperty(exports, \"__esModule\", {","  value: true","});","","var _slicedToArray = function () { function sliceIterator(arr, i) { var _arr = []; var _n = true; var _d = false; var _e = undefined; try { for (var _i = arr[Symbol.iterator](), _s; !(_n = (_s = _i.next()).done); _n = true) { _arr.push(_s.value); if (i && _arr.length === i) break; } } catch (err) { _d = true; _e = err; } finally { try { if (!_n && _i[\"return\"]) _i[\"return\"](); } finally { if (_d) throw _e; } } return _arr; } return function (arr, i) { if (Array.isArray(arr)) { return arr; } else if (Symbol.iterator in Object(arr)) { return sliceIterator(arr, i); } else { throw new TypeError(\"Invalid attempt to destructure non-iterable instance\"); } }; }();","","var _postcss = require('postcss');","","var _postcss2 = _interopRequireDefault(_postcss);","","var _icssReplaceSymbols = require('icss-replace-symbols');","","var _icssReplaceSymbols2 = _interopRequireDefault(_icssReplaceSymbols);","","function _interopRequireDefault(obj) { return obj && obj.__esModule ? obj : { default: obj }; }","","var matchImports = /^(.+?|\\([\\s\\S]+?\\))\\s+from\\s+(\"[^\"]*\"|'[^']*'|[\\w-]+)$/;","var matchValueDefinition = /(?:\\s+|^)([\\w-]+):?\\s+(.+?)\\s*$/g;","var matchImport = /^([\\w-]+)(?:\\s+as\\s+([\\w-]+))?/;","var options = {};","var importIndex = 0;","var createImportedName = options && options.createImportedName || function (importName /*, path*/) {","  return 'i__const_' + importName.replace(/\\W/g, '_') + '_' + importIndex++;","};","","exports.default = function (css, result) {","  var importAliases = [];","  var definitions = {};","","  var addDefinition = function addDefinition(atRule) {","    var matches = void 0;","    while (matches = matchValueDefinition.exec(atRule.params)) {","      var _matches = matches;","","      var _matches2 = _slicedToArray(_matches, 3);","","      var /*match*/key = _matches2[1];","      var value = _matches2[2];","      // Add to the definitions, knowing that values can refer to each other","","      definitions[key] = (0, _icssReplaceSymbols.replaceAll)(definitions, value);","      atRule.remove();","    }","  };","","  var addImport = function addImport(atRule) {","    var matches = matchImports.exec(atRule.params);","    if (matches) {","      var _matches3 = _slicedToArray(matches, 3);","","      var /*match*/aliases = _matches3[1];","      var path = _matches3[2];","      // We can use constants for path names","","      if (definitions[path]) path = definitions[path];","      var imports = aliases.replace(/^\\(\\s*([\\s\\S]+)\\s*\\)$/, '$1').split(/\\s*,\\s*/).map(function (alias) {","        var tokens = matchImport.exec(alias);","        if (tokens) {","          var _tokens = _slicedToArray(tokens, 3);","","          var /*match*/theirName = _tokens[1];","          var _tokens$ = _tokens[2];","          var myName = _tokens$ === undefined ? theirName : _tokens$;","","          var importedName = createImportedName(myName);","          definitions[myName] = importedName;","          return { theirName: theirName, importedName: importedName };","        } else {","          throw new Error('@import statement \"' + alias + '\" is invalid!');","        }","      });","      importAliases.push({ path: path, imports: imports });","      atRule.remove();","    }","  };","","  /* Look at all the @value statements and treat them as locals or as imports */","  css.walkAtRules('value', function (atRule) {","    if (matchImports.exec(atRule.params)) {","      addImport(atRule);","    } else {","      if (atRule.params.indexOf('@value') !== -1) {","        result.warn('Invalid value definition: ' + atRule.params);","      }","","      addDefinition(atRule);","    }","  });","","  /* We want to export anything defined by now, but don't add it to the CSS yet or","   it well get picked up by the replacement stuff */","  var exportDeclarations = Object.keys(definitions).map(function (key) {","    return _postcss2.default.decl({","      value: definitions[key],","      prop: key,","      raws: { before: \"\\n  \" }","    });","  });","","  /* If we have no definitions, don't continue */","  if (!Object.keys(definitions).length) return;","","  /* Perform replacements */","  (0, _icssReplaceSymbols2.default)(css, definitions);","","  /* Add export rules if any */","  if (exportDeclarations.length > 0) {","    var exportRule = _postcss2.default.rule({","      selector: ':export',","      raws: { after: \"\\n\" }","    });","    exportRule.append(exportDeclarations);","    css.prepend(exportRule);","  }","","  /* Add import rules */","  importAliases.reverse().forEach(function (_ref) {","    var path = _ref.path;","    var imports = _ref.imports;","","    var importRule = _postcss2.default.rule({","      selector: ':import(' + path + ')',","      raws: { after: \"\\n\" }","    });","    imports.forEach(function (_ref2) {","      var theirName = _ref2.theirName;","      var importedName = _ref2.importedName;","","      importRule.append({","        value: theirName,","        prop: importedName,","        raws: { before: \"\\n  \" }","      });","    });","","    css.prepend(importRule);","  });","};","","module.exports = exports['default'];"],"l":{"3":1,"7":1,"9":1,"11":1,"13":1,"15":1,"17":2,"19":1,"20":1,"21":1,"22":1,"23":1,"24":1,"25":0,"28":1,"29":0,"30":0,"32":0,"33":0,"34":0,"35":0,"37":0,"39":0,"40":0,"43":0,"44":0,"48":0,"49":0,"50":0,"51":0,"53":0,"54":0,"57":0,"58":0,"59":0,"60":0,"61":0,"63":0,"64":0,"65":0,"67":0,"68":0,"69":0,"71":0,"74":0,"75":0,"80":0,"81":0,"82":0,"84":0,"85":0,"88":0,"94":0,"95":0,"103":0,"106":0,"109":0,"110":0,"114":0,"115":0,"119":0,"120":0,"121":0,"123":0,"127":0,"128":0,"129":0,"131":0,"138":0,"142":1}},"/home/travis/build/npmtest/node-npmtest-postcss-modules/node_modules/postcss-modules/build/generateScopedName.js":{"path":"/home/travis/build/npmtest/node-npmtest-postcss-modules/node_modules/postcss-modules/build/generateScopedName.js","s":{"1":1,"2":1,"3":1,"4":1,"5":1,"6":1,"7":1,"8":0,"9":0,"10":0,"11":0},"b":{"1":[0,1],"2":[1,1]},"f":{"1":1,"2":0},"fnMap":{"1":{"name":"_interopRequireDefault","line":12,"loc":{"start":{"line":12,"column":0},"end":{"line":12,"column":37}}},"2":{"name":"generateScopedName","line":14,"loc":{"start":{"line":14,"column":0},"end":{"line":14,"column":49}}}},"statementMap":{"1":{"start":{"line":3,"column":0},"end":{"line":5,"column":3}},"2":{"start":{"line":6,"column":0},"end":{"line":6,"column":37}},"3":{"start":{"line":8,"column":0},"end":{"line":8,"column":41}},"4":{"start":{"line":10,"column":0},"end":{"line":10,"column":55}},"5":{"start":{"line":12,"column":0},"end":{"line":12,"column":95}},"6":{"start":{"line":12,"column":39},"end":{"line":12,"column":93}},"7":{"start":{"line":14,"column":0},"end":{"line":20,"column":1}},"8":{"start":{"line":15,"column":2},"end":{"line":15,"column":34}},"9":{"start":{"line":16,"column":2},"end":{"line":16,"column":59}},"10":{"start":{"line":17,"column":2},"end":{"line":17,"column":70}},"11":{"start":{"line":19,"column":2},"end":{"line":19,"column":52}}},"branchMap":{"1":{"line":12,"type":"cond-expr","locations":[{"start":{"line":12,"column":70},"end":{"line":12,"column":73}},{"start":{"line":12,"column":76},"end":{"line":12,"column":92}}]},"2":{"line":12,"type":"binary-expr","locations":[{"start":{"line":12,"column":46},"end":{"line":12,"column":49}},{"start":{"line":12,"column":53},"end":{"line":12,"column":67}}]}},"code":["'use strict';","","Object.defineProperty(exports, \"__esModule\", {","  value: true","});","exports.default = generateScopedName;","","var _stringHash = require('string-hash');","","var _stringHash2 = _interopRequireDefault(_stringHash);","","function _interopRequireDefault(obj) { return obj && obj.__esModule ? obj : { default: obj }; }","","function generateScopedName(name, filename, css) {","  var i = css.indexOf('.' + name);","  var lineNumber = css.substr(0, i).split(/[\\r\\n]/).length;","  var hash = (0, _stringHash2.default)(css).toString(36).substr(0, 5);","","  return '_' + name + '_' + hash + '_' + lineNumber;","}"],"l":{"3":1,"6":1,"8":1,"10":1,"12":1,"14":1,"15":0,"16":0,"17":0,"19":0}},"/home/travis/build/npmtest/node-npmtest-postcss-modules/node_modules/postcss-modules/build/saveJSON.js":{"path":"/home/travis/build/npmtest/node-npmtest-postcss-modules/node_modules/postcss-modules/build/saveJSON.js","s":{"1":1,"2":1,"3":1,"4":1,"5":0},"b":{},"f":{"1":0},"fnMap":{"1":{"name":"saveJSON","line":10,"loc":{"start":{"line":10,"column":0},"end":{"line":10,"column":33}}}},"statementMap":{"1":{"start":{"line":3,"column":0},"end":{"line":5,"column":3}},"2":{"start":{"line":6,"column":0},"end":{"line":6,"column":27}},"3":{"start":{"line":8,"column":0},"end":{"line":8,"column":24}},"4":{"start":{"line":10,"column":0},"end":{"line":12,"column":1}},"5":{"start":{"line":11,"column":2},"end":{"line":11,"column":66}}},"branchMap":{},"code":["'use strict';","","Object.defineProperty(exports, \"__esModule\", {","  value: true","});","exports.default = saveJSON;","","var _fs = require('fs');","","function saveJSON(cssFile, json) {","  (0, _fs.writeFileSync)(cssFile + '.json', JSON.stringify(json));","}"],"l":{"3":1,"6":1,"8":1,"10":1,"11":0}},"/home/travis/build/npmtest/node-npmtest-postcss-modules/node_modules/postcss-modules/build/behaviours.js":{"path":"/home/travis/build/npmtest/node-npmtest-postcss-modules/node_modules/postcss-modules/build/behaviours.js","s":{"1":1,"2":1,"3":1,"4":1,"5":1,"6":1,"7":1,"8":1,"9":1,"10":0,"11":0,"12":0,"13":0,"14":1,"15":1,"16":0,"17":0,"18":0,"19":0,"20":1,"21":0,"22":0},"b":{"1":[0,1],"2":[1,1],"3":[0,0]},"f":{"1":1,"2":0,"3":0,"4":0,"5":0},"fnMap":{"1":{"name":"_interopRequireDefault","line":14,"loc":{"start":{"line":14,"column":0},"end":{"line":14,"column":37}}},"2":{"name":"_defineProperty","line":16,"loc":{"start":{"line":16,"column":0},"end":{"line":16,"column":42}}},"3":{"name":"getDefaultPlugins","line":23,"loc":{"start":{"line":23,"column":0},"end":{"line":23,"column":58}}},"4":{"name":"isValidBehaviour","line":33,"loc":{"start":{"line":33,"column":0},"end":{"line":33,"column":37}}},"5":{"name":"(anonymous_5)","line":34,"loc":{"start":{"line":34,"column":37},"end":{"line":34,"column":52}}}},"statementMap":{"1":{"start":{"line":3,"column":0},"end":{"line":5,"column":3}},"2":{"start":{"line":6,"column":0},"end":{"line":6,"column":31}},"3":{"start":{"line":7,"column":0},"end":{"line":7,"column":46}},"4":{"start":{"line":8,"column":0},"end":{"line":8,"column":44}},"5":{"start":{"line":10,"column":0},"end":{"line":10,"column":63}},"6":{"start":{"line":12,"column":0},"end":{"line":12,"column":75}},"7":{"start":{"line":14,"column":0},"end":{"line":14,"column":95}},"8":{"start":{"line":14,"column":39},"end":{"line":14,"column":93}},"9":{"start":{"line":16,"column":0},"end":{"line":16,"column":209}},"10":{"start":{"line":16,"column":44},"end":{"line":16,"column":195}},"11":{"start":{"line":16,"column":62},"end":{"line":16,"column":166}},"12":{"start":{"line":16,"column":176},"end":{"line":16,"column":193}},"13":{"start":{"line":16,"column":196},"end":{"line":16,"column":207}},"14":{"start":{"line":18,"column":0},"end":{"line":21,"column":2}},"15":{"start":{"line":23,"column":0},"end":{"line":31,"column":1}},"16":{"start":{"line":24,"column":2},"end":{"line":24,"column":15}},"17":{"start":{"line":26,"column":2},"end":{"line":26,"column":95}},"18":{"start":{"line":28,"column":2},"end":{"line":28,"column":370}},"19":{"start":{"line":30,"column":2},"end":{"line":30,"column":28}},"20":{"start":{"line":33,"column":0},"end":{"line":37,"column":1}},"21":{"start":{"line":34,"column":2},"end":{"line":36,"column":29}},"22":{"start":{"line":35,"column":4},"end":{"line":35,"column":27}}},"branchMap":{"1":{"line":14,"type":"cond-expr","locations":[{"start":{"line":14,"column":70},"end":{"line":14,"column":73}},{"start":{"line":14,"column":76},"end":{"line":14,"column":92}}]},"2":{"line":14,"type":"binary-expr","locations":[{"start":{"line":14,"column":46},"end":{"line":14,"column":49}},{"start":{"line":14,"column":53},"end":{"line":14,"column":67}}]},"3":{"line":16,"type":"if","locations":[{"start":{"line":16,"column":44},"end":{"line":16,"column":44}},{"start":{"line":16,"column":44},"end":{"line":16,"column":44}}]}},"code":["'use strict';","","Object.defineProperty(exports, \"__esModule\", {","  value: true","});","exports.behaviours = undefined;","exports.getDefaultPlugins = getDefaultPlugins;","exports.isValidBehaviour = isValidBehaviour;","","var _cssModulesLoaderCore = require('css-modules-loader-core');","","var _cssModulesLoaderCore2 = _interopRequireDefault(_cssModulesLoaderCore);","","function _interopRequireDefault(obj) { return obj && obj.__esModule ? obj : { default: obj }; }","","function _defineProperty(obj, key, value) { if (key in obj) { Object.defineProperty(obj, key, { value: value, enumerable: true, configurable: true, writable: true }); } else { obj[key] = value; } return obj; }","","var behaviours = exports.behaviours = {","  LOCAL: 'local',","  GLOBAL: 'global'","};","","function getDefaultPlugins(behaviour, generateScopedName) {","  var _plugins;","","  var scope = _cssModulesLoaderCore2.default.scope({ generateScopedName: generateScopedName });","","  var plugins = (_plugins = {}, _defineProperty(_plugins, behaviours.LOCAL, [_cssModulesLoaderCore2.default.values, _cssModulesLoaderCore2.default.localByDefault, _cssModulesLoaderCore2.default.extractImports, scope]), _defineProperty(_plugins, behaviours.GLOBAL, [_cssModulesLoaderCore2.default.values, _cssModulesLoaderCore2.default.extractImports, scope]), _plugins);","","  return plugins[behaviour];","}","","function isValidBehaviour(behaviour) {","  return Object.keys(behaviours).map(function (key) {","    return behaviours[key];","  }).indexOf(behaviour) > -1;","}"],"l":{"3":1,"6":1,"7":1,"8":1,"10":1,"12":1,"14":1,"16":1,"18":1,"23":1,"24":0,"26":0,"28":0,"30":0,"33":1,"34":0,"35":0}}}